#
# A fatal error has been detected by the Java Runtime Environment:
#
#  SIGSEGV (0xb) at pc=0x00007f62be0a43ed, pid=10829, tid=140061559604992
#
# JRE version: OpenJDK Runtime Environment (8.0_45-b14) (build 1.8.0_45-internal-b14)
# Java VM: OpenJDK 64-Bit Server VM (25.45-b02 mixed mode linux-amd64 compressed oops)
# Problematic frame:
# V  [libjvm.so+0x62a3ed]  PhaseIFG::SquareUp()+0xfd
#
# Failed to write core dump. Core dumps have been disabled. To enable core dumping, try "ulimit -c unlimited" before starting Java again
#
# If you would like to submit a bug report, please visit:
#   http://bugreport.java.com/bugreport/crash.jsp
#

---------------  T H R E A D  ---------------

Current thread (0x00007f62b80af000):  JavaThread "C2 CompilerThread1" daemon [_thread_in_native, id=10844, stack(0x00007f629f71c000,0x00007f629f81d000)]

siginfo: si_signo: 11 (SIGSEGV), si_code: 2 (SEGV_ACCERR), si_addr: 0x00007f62bef7e458

Registers:
RAX=0x00007f62bef7e458, RBX=0x00007f629f818860, RCX=0x0000000000000005, RDX=0x00007f626d094aa0
RSP=0x00007f629f818850, RBP=0x00007f629f8188d0, RSI=0x0000000000000040, RDI=0x000000000000000a
R8 =0x0000000000000000, R9 =0x0000000000000000, R10=0x0000000000000000, R11=0x0000000000000000
R12=0x0000000000000018, R13=0x0000000010000000, R14=0x00000000000008dc, R15=0x00007f629f8189b0
RIP=0x00007f62be0a43ed, EFLAGS=0x0000000000010202, CSGSFS=0x0000000000000033, ERR=0x0000000000000004
  TRAPNO=0x000000000000000e

Top of Stack: (sp=0x00007f629f818850)
0x00007f629f818850:   00007f626d0ece80 0000000000000040
0x00007f629f818860:   0000000a001400b2 00007f6200000001
0x00007f629f818870:   00007f62690aea00 00007f6200000001
0x00007f629f818880:   00007f626d0ed070 00007f620000000b
0x00007f629f818890:   00007f626d0ed060 f7607a894af09400
0x00007f629f8188a0:   00007f629f8188d0 00007f629f818980
0x00007f629f8188b0:   00007f62be9de440 00007f6268011280
0x00007f629f8188c0:   00007f629f818c80 00007f62be9ad718
0x00007f629f8188d0:   00007f629f818b50 00007f62bde6b0ab
0x00007f629f8188e0:   00007f629f818bf0 00007f629f818a50
0x00007f629f8188f0:   00000000000003d8 00007f629f818950
0x00007f629f818900:   00007f629f8189b0 00007f629f8189f0
0x00007f629f818910:   00007f6268011668 00007f6268011290
0x00007f629f818920:   00007f62be910030 00007f620000000c
0x00007f629f818930:   00007f629f81b010 00007f629f818c80
0x00007f629f818940:   00007f6200000dbe 00007f62be4b538b
0x00007f629f818950:   00007f6200000002 00007f62684e5240
0x00007f629f818960:   00007f62684e5240 00007f62684e5250
0x00007f629f818970:   00007f62684e5628 00000000000003d8
0x00007f629f818980:   00007f6200000002 00007f6268011280
0x00007f629f818990:   00007f626cc546f0 00007f626cc5c680
0x00007f629f8189a0:   00007f626cc5c6d8 0000000000114ea8
0x00007f629f8189b0:   000000000000000b 00007f629f81b010
0x00007f629f8189c0:   00007f626d0946e0 0000000000000000
0x00007f629f8189d0:   00007f626cd12240 00007f6200000adb
0x00007f629f8189e0:   00007f629f818980 00007f6268011290
0x00007f629f8189f0:   00007f6200000009 00007f629f81b010
0x00007f629f818a00:   00007f626c4251e0 00007f626d100fe0
0x00007f629f818a10:   00007f6268cd1910 00007f6268cd27e0
0x00007f629f818a20:   00007f62690c7ba0 00007f629f818bf0
0x00007f629f818a30:   00007f629f818d90 00007f6200000adb
0x00007f629f818a40:   00007f629f818980 00007f629f81b010 

Instructions: (pc=0x00007f62be0a43ed)
0x00007f62be0a43cd:   88 48 8d 04 80 48 c1 e0 05 48 01 c2 48 8b 42 08
0x00007f62be0a43dd:   48 8b 04 30 48 3b 05 00 5b 90 00 74 63 4c 01 e0
0x00007f62be0a43ed:   8b 08 89 ce 44 09 ee 44 85 e9 89 30 0f 85 71 ff
0x00007f62be0a43fd:   ff ff 83 02 01 8b 55 90 85 d2 0f 85 6e ff ff ff 

Register to memory mapping:

RAX=0x00007f62bef7e458: <offset 0x15a458> in /lib/x86_64-linux-gnu/libz.so.1 at 0x00007f62bee24000
RBX=0x00007f629f818860 is pointing into the stack for thread: 0x00007f62b80af000
RCX=0x0000000000000005 is an unknown value
RDX=0x00007f626d094aa0 is an unknown value
RSP=0x00007f629f818850 is pointing into the stack for thread: 0x00007f62b80af000
RBP=0x00007f629f8188d0 is pointing into the stack for thread: 0x00007f62b80af000
RSI=0x0000000000000040 is an unknown value
RDI=0x000000000000000a is an unknown value
R8 =0x0000000000000000 is an unknown value
R9 =0x0000000000000000 is an unknown value
R10=0x0000000000000000 is an unknown value
R11=0x0000000000000000 is an unknown value
R12=0x0000000000000018 is an unknown value
R13=0x0000000010000000 is an unknown value
R14=0x00000000000008dc is an unknown value
R15=0x00007f629f8189b0 is pointing into the stack for thread: 0x00007f62b80af000


Stack: [0x00007f629f71c000,0x00007f629f81d000],  sp=0x00007f629f818850,  free space=1010k
Native frames: (J=compiled Java code, j=interpreted, Vv=VM code, C=native code)
V  [libjvm.so+0x62a3ed]  PhaseIFG::SquareUp()+0xfd
V  [libjvm.so+0x3f10ab]  PhaseChaitin::Register_Allocate()+0x88b
V  [libjvm.so+0x4883d7]  Compile::Code_Gen()+0x2c7
V  [libjvm.so+0x48995a]  Compile::Compile(ciEnv*, C2Compiler*, ciMethod*, int, bool, bool, bool)+0x11ca
V  [libjvm.so+0x3d3d21]  C2Compiler::compile_method(ciEnv*, ciMethod*, int)+0x1a1
V  [libjvm.so+0x4956d6]  CompileBroker::invoke_compiler_on_method(CompileTask*)+0xdc6
V  [libjvm.so+0x496c5f]  CompileBroker::compiler_thread_loop()+0x3ef
V  [libjvm.so+0xa3652a]  JavaThread::thread_main_inner()+0x25a
V  [libjvm.so+0x8dd8a2]  java_start(Thread*)+0xf2
C  [libpthread.so.0+0x76aa]  start_thread+0xca


Current CompileTask:
C2: 148257 4379       4       com.android.dx.dex.file.DebugInfoEncoder::convert0 (246 bytes)


---------------  P R O C E S S  ---------------

Java Threads: ( => current thread )
  0x00007f62b8259000 JavaThread "pool-1-thread-1" [_thread_in_Java, id=10866, stack(0x00007f629f091000,0x00007f629f192000)]
  0x00007f62b80d1000 JavaThread "Service Thread" daemon [_thread_blocked, id=10846, stack(0x00007f629f51a000,0x00007f629f61b000)]
  0x00007f62b80b1000 JavaThread "C1 CompilerThread2" daemon [_thread_blocked, id=10845, stack(0x00007f629f61b000,0x00007f629f71c000)]
=>0x00007f62b80af000 JavaThread "C2 CompilerThread1" daemon [_thread_in_native, id=10844, stack(0x00007f629f71c000,0x00007f629f81d000)]
  0x00007f62b80ac000 JavaThread "C2 CompilerThread0" daemon [_thread_blocked, id=10843, stack(0x00007f629f81d000,0x00007f629f91e000)]
  0x00007f62b80aa000 JavaThread "Signal Dispatcher" daemon [_thread_blocked, id=10842, stack(0x00007f62a4096000,0x00007f62a4197000)]
  0x00007f62b807f000 JavaThread "Finalizer" daemon [_thread_blocked, id=10841, stack(0x00007f62a4197000,0x00007f62a4298000)]
  0x00007f62b807d000 JavaThread "Reference Handler" daemon [_thread_blocked, id=10840, stack(0x00007f62a4298000,0x00007f62a4399000)]
  0x00007f62b800a000 JavaThread "main" [_thread_blocked, id=10832, stack(0x00007f62bf71c000,0x00007f62bf81d000)]

Other Threads:
  0x00007f62b8078000 VMThread [stack: 0x00007f62a4399000,0x00007f62a449a000] [id=10839]
  0x00007f62b80d3000 WatcherThread [stack: 0x00007f629f419000,0x00007f629f51a000] [id=10847]

VM state:synchronizing (normal execution)

VM Mutex/Monitor currently owned by a thread:  ([mutex/lock_event])
[0x00007f62b80067e0] Safepoint_lock - owner thread: 0x00007f62b8078000
[0x00007f62b8006860] Threads_lock - owner thread: 0x00007f62b8078000

Heap:
 PSYoungGen      total 1017344K, used 589949K [0x0000000715580000, 0x000000076fb80000, 0x00000007c0000000)
  eden space 599040K, 59% used [0x0000000715580000,0x000000072b0ddd70,0x0000000739e80000)
  from space 418304K, 55% used [0x0000000756300000,0x00000007647c19e8,0x000000076fb80000)
  to   space 440832K, 0% used [0x0000000739e80000,0x0000000739e80000,0x0000000754d00000)
 ParOldGen       total 1048064K, used 855251K [0x00000005c0000000, 0x00000005fff80000, 0x0000000715580000)
  object space 1048064K, 81% used [0x00000005c0000000,0x00000005f4334ff8,0x00000005fff80000)
 Metaspace       used 7143K, capacity 7826K, committed 8192K, reserved 1056768K
  class space    used 620K, capacity 650K, committed 768K, reserved 1048576K

Card table byte_map: [0x00007f62a7c3f000,0x00007f62a8c40000] byte_map_base: 0x00007f62a4e3f000

Marking Bits: (ParMarkBitMap*) 0x00007f62be9e6e80
 Begin Bits: [0x00007f6280000000, 0x00007f6288000000)
 End Bits:   [0x00007f6288000000, 0x00007f6290000000)

Polling page: 0x00007f62bf838000

CodeCache: size=245760Kb used=14611Kb max_used=14755Kb free=231148Kb
 bounds [0x00007f62a9000000, 0x00007f62a9e80000, 0x00007f62b8000000]
 total_blobs=3530 nmethods=3261 adapters=183
 compilation: enabled

Compilation events (10 events):
Event: 142.340 Thread 0x00007f62b80ac000 4378       4       com.android.dx.util.ByteArrayAnnotatedOutput::writeUleb128 (34 bytes)
Event: 142.360 Thread 0x00007f62b80ac000 nmethod 4378 0x00007f62a9d88a90 code [0x00007f62a9d88c20, 0x00007f62a9d89578]
Event: 142.360 Thread 0x00007f62b80ac000 4377       4       com.android.dx.dex.file.DebugInfoEncoder::emitLocalsAtAddress (150 bytes)
Event: 142.384 Thread 0x00007f62b80af000 nmethod 4366 0x00007f62a9e0a5d0 code [0x00007f62a9e0a860, 0x00007f62a9e0cae0]
Event: 142.384 Thread 0x00007f62b80af000 4379       4       com.android.dx.dex.file.DebugInfoEncoder::convert0 (246 bytes)
Event: 142.420 Thread 0x00007f62b80ac000 nmethod 4377 0x00007f62a9e06a50 code [0x00007f62a9e06d20, 0x00007f62a9e088c0]
Event: 142.420 Thread 0x00007f62b80ac000 4357       4       com.android.dx.dex.file.DebugInfoEncoder::emitUnsignedLeb128 (41 bytes)
Event: 142.421 Thread 0x00007f62b80ac000 nmethod 4357 0x00007f62a9b9fd10 code [0x00007f62a9b9fe60, 0x00007f62a9b9ff28]
Event: 142.421 Thread 0x00007f62b80ac000 4344       4       com.android.dx.dex.file.StringIdsSection::indexOf (49 bytes)
Event: 142.430 Thread 0x00007f62b80ac000 nmethod 4344 0x00007f62a971d890 code [0x00007f62a971da40, 0x00007f62a971dfd8]

GC Heap History (10 events):
Event: 65.690 GC heap before
{Heap before GC invocations=35 (full 6):
 PSYoungGen      total 939008K, used 763104K [0x0000000715580000, 0x0000000770180000, 0x00000007c0000000)
  eden space 464384K, 100% used [0x0000000715580000,0x0000000731b00000,0x0000000731b00000)
  from space 474624K, 62% used [0x0000000750180000,0x00000007625383a0,0x000000076d100000)
  to   space 498176K, 0% used [0x0000000731b00000,0x0000000731b00000,0x0000000750180000)
 ParOldGen       total 767488K, used 544946K [0x00000005c0000000, 0x00000005eed80000, 0x0000000715580000)
  object space 767488K, 71% used [0x00000005c0000000,0x00000005e142c9e8,0x00000005eed80000)
 Metaspace       used 6579K, capacity 7344K, committed 7552K, reserved 1056768K
  class space    used 598K, capacity 616K, committed 640K, reserved 1048576K
Event: 70.716 GC heap after
Heap after GC invocations=35 (full 6):
 PSYoungGen      total 962560K, used 264866K [0x0000000715580000, 0x0000000772880000, 0x00000007c0000000)
  eden space 464384K, 0% used [0x0000000715580000,0x0000000715580000,0x0000000731b00000)
  from space 498176K, 53% used [0x0000000731b00000,0x0000000741da89a0,0x0000000750180000)
  to   space 492544K, 0% used [0x0000000754780000,0x0000000754780000,0x0000000772880000)
 ParOldGen       total 767488K, used 642879K [0x00000005c0000000, 0x00000005eed80000, 0x0000000715580000)
  object space 767488K, 83% used [0x00000005c0000000,0x00000005e73cfe80,0x00000005eed80000)
 Metaspace       used 6579K, capacity 7344K, committed 7552K, reserved 1056768K
  class space    used 598K, capacity 616K, committed 640K, reserved 1048576K
}
Event: 72.486 GC heap before
{Heap before GC invocations=36 (full 6):
 PSYoungGen      total 962560K, used 729250K [0x0000000715580000, 0x0000000772880000, 0x00000007c0000000)
  eden space 464384K, 100% used [0x0000000715580000,0x0000000731b00000,0x0000000731b00000)
  from space 498176K, 53% used [0x0000000731b00000,0x0000000741da89a0,0x0000000750180000)
  to   space 492544K, 0% used [0x0000000754780000,0x0000000754780000,0x0000000772880000)
 ParOldGen       total 767488K, used 642879K [0x00000005c0000000, 0x00000005eed80000, 0x0000000715580000)
  object space 767488K, 83% used [0x00000005c0000000,0x00000005e73cfe80,0x00000005eed80000)
 Metaspace       used 6581K, capacity 7344K, committed 7552K, reserved 1056768K
  class space    used 598K, capacity 616K, committed 640K, reserved 1048576K
Event: 75.376 GC heap after
Heap after GC invocations=36 (full 6):
 PSYoungGen      total 979968K, used 215809K [0x0000000715580000, 0x000000076f580000, 0x00000007c0000000)
  eden space 539648K, 0% used [0x0000000715580000,0x0000000715580000,0x0000000736480000)
  from space 440320K, 49% used [0x0000000754780000,0x0000000761a405a8,0x000000076f580000)
  to   space 467456K, 0% used [0x0000000736480000,0x0000000736480000,0x0000000752d00000)
 ParOldGen       total 767488K, used 747156K [0x00000005c0000000, 0x00000005eed80000, 0x0000000715580000)
  object space 767488K, 97% used [0x00000005c0000000,0x00000005ed9a5278,0x00000005eed80000)
 Metaspace       used 6581K, capacity 7344K, committed 7552K, reserved 1056768K
  class space    used 598K, capacity 616K, committed 640K, reserved 1048576K
}
Event: 75.376 GC heap before
{Heap before GC invocations=37 (full 7):
 PSYoungGen      total 979968K, used 215809K [0x0000000715580000, 0x000000076f580000, 0x00000007c0000000)
  eden space 539648K, 0% used [0x0000000715580000,0x0000000715580000,0x0000000736480000)
  from space 440320K, 49% used [0x0000000754780000,0x0000000761a405a8,0x000000076f580000)
  to   space 467456K, 0% used [0x0000000736480000,0x0000000736480000,0x0000000752d00000)
 ParOldGen       total 767488K, used 747156K [0x00000005c0000000, 0x00000005eed80000, 0x0000000715580000)
  object space 767488K, 97% used [0x00000005c0000000,0x00000005ed9a5278,0x00000005eed80000)
 Metaspace       used 6581K, capacity 7344K, committed 7552K, reserved 1056768K
  class space    used 598K, capacity 616K, committed 640K, reserved 1048576K
Event: 87.852 GC heap after
Heap after GC invocations=37 (full 7):
 PSYoungGen      total 979968K, used 191155K [0x0000000715580000, 0x000000076f580000, 0x00000007c0000000)
  eden space 539648K, 0% used [0x0000000715580000,0x0000000715580000,0x0000000736480000)
  from space 440320K, 43% used [0x0000000754780000,0x000000076022cd58,0x000000076f580000)
  to   space 467456K, 0% used [0x0000000736480000,0x0000000736480000,0x0000000752d00000)
 ParOldGen       total 1048064K, used 767022K [0x00000005c0000000, 0x00000005fff80000, 0x0000000715580000)
  object space 1048064K, 73% used [0x00000005c0000000,0x00000005eed0bbe8,0x00000005fff80000)
 Metaspace       used 6581K, capacity 7344K, committed 7552K, reserved 1056768K
  class space    used 598K, capacity 616K, committed 640K, reserved 1048576K
}
Event: 92.209 GC heap before
{Heap before GC invocations=38 (full 7):
 PSYoungGen      total 979968K, used 730803K [0x0000000715580000, 0x000000076f580000, 0x00000007c0000000)
  eden space 539648K, 100% used [0x0000000715580000,0x0000000736480000,0x0000000736480000)
  from space 440320K, 43% used [0x0000000754780000,0x000000076022cd58,0x000000076f580000)
  to   space 467456K, 0% used [0x0000000736480000,0x0000000736480000,0x0000000752d00000)
 ParOldGen       total 1048064K, used 767022K [0x00000005c0000000, 0x00000005fff80000, 0x0000000715580000)
  object space 1048064K, 73% used [0x00000005c0000000,0x00000005eed0bbe8,0x00000005fff80000)
 Metaspace       used 6591K, capacity 7344K, committed 7552K, reserved 1056768K
  class space    used 598K, capacity 616K, committed 640K, reserved 1048576K
Event: 92.759 GC heap after
Heap after GC invocations=38 (full 7):
 PSYoungGen      total 1007104K, used 137775K [0x0000000715580000, 0x0000000771d80000, 0x00000007c0000000)
  eden space 539648K, 0% used [0x0000000715580000,0x0000000715580000,0x0000000736480000)
  from space 467456K, 29% used [0x0000000736480000,0x000000073eb0bc68,0x0000000752d00000)
  to   space 453120K, 0% used [0x0000000756300000,0x0000000756300000,0x0000000771d80000)
 ParOldGen       total 1048064K, used 855251K [0x00000005c0000000, 0x00000005fff80000, 0x0000000715580000)
  object space 1048064K, 81% used [0x00000005c0000000,0x00000005f4334ff8,0x00000005fff80000)
 Metaspace       used 6591K, capacity 7344K, committed 7552K, reserved 1056768K
  class space    used 598K, capacity 616K, committed 640K, reserved 1048576K
}
Event: 136.355 GC heap before
{Heap before GC invocations=39 (full 7):
 PSYoungGen      total 1007104K, used 677423K [0x0000000715580000, 0x0000000771d80000, 0x00000007c0000000)
  eden space 539648K, 100% used [0x0000000715580000,0x0000000736480000,0x0000000736480000)
  from space 467456K, 29% used [0x0000000736480000,0x000000073eb0bc68,0x0000000752d00000)
  to   space 453120K, 0% used [0x0000000756300000,0x0000000756300000,0x0000000771d80000)
 ParOldGen       total 1048064K, used 855251K [0x00000005c0000000, 0x00000005fff80000, 0x0000000715580000)
  object space 1048064K, 81% used [0x00000005c0000000,0x00000005f4334ff8,0x00000005fff80000)
 Metaspace       used 6969K, capacity 7634K, committed 7936K, reserved 1056768K
  class space    used 617K, capacity 650K, committed 768K, reserved 1048576K
Event: 138.613 GC heap after
Heap after GC invocations=39 (full 7):
 PSYoungGen      total 1017344K, used 234246K [0x0000000715580000, 0x000000076fb80000, 0x00000007c0000000)
  eden space 599040K, 0% used [0x0000000715580000,0x0000000715580000,0x0000000739e80000)
  from space 418304K, 55% used [0x0000000756300000,0x00000007647c19e8,0x000000076fb80000)
  to   space 440832K, 0% used [0x0000000739e80000,0x0000000739e80000,0x0000000754d00000)
 ParOldGen       total 1048064K, used 855251K [0x00000005c0000000, 0x00000005fff80000, 0x0000000715580000)
  object space 1048064K, 81% used [0x00000005c0000000,0x00000005f4334ff8,0x00000005fff80000)
 Metaspace       used 6969K, capacity 7634K, committed 7936K, reserved 1056768K
  class space    used 617K, capacity 650K, committed 768K, reserved 1048576K
}

Deoptimization events (10 events):
Event: 139.759 Thread 0x00007f62b8259000 Uncommon trap: reason=bimorphic action=maybe_recompile pc=0x00007f62a93b1698 method=java.util.ComparableTimSort.countRunAndMakeAscending([Ljava/lang/Object;II)I @ 66
Event: 140.041 Thread 0x00007f62b8259000 Uncommon trap: reason=bimorphic action=maybe_recompile pc=0x00007f62a93b1698 method=java.util.ComparableTimSort.countRunAndMakeAscending([Ljava/lang/Object;II)I @ 66
Event: 140.371 Thread 0x00007f62b8259000 Uncommon trap: reason=unstable_if action=reinterpret pc=0x00007f62a9e1d674 method=com.android.dx.rop.code.RegisterSpec.compareTo(Lcom/android/dx/rop/code/RegisterSpec;)I @ 49
Event: 140.624 Thread 0x00007f62b8259000 Uncommon trap: reason=bimorphic action=maybe_recompile pc=0x00007f62a93b1698 method=java.util.ComparableTimSort.countRunAndMakeAscending([Ljava/lang/Object;II)I @ 66
Event: 141.888 Thread 0x00007f62b8259000 Uncommon trap: reason=unstable_if action=reinterpret pc=0x00007f62a99766a8 method=java.util.ArrayList.<init>(I)V @ 5
Event: 142.043 Thread 0x00007f62b8259000 Uncommon trap: reason=unstable_if action=reinterpret pc=0x00007f62a9ba36dc method=com.android.dx.dex.file.DebugInfoEncoder.emitLocalsAtAddress(I)I @ 137
Event: 142.112 Thread 0x00007f62b8259000 Uncommon trap: reason=unstable_if action=reinterpret pc=0x00007f62a9283a3c method=com.android.dx.util.ByteArrayAnnotatedOutput.ensureCapacity(I)V @ 6
Event: 142.239 Thread 0x00007f62b8259000 Uncommon trap: reason=unstable_if action=reinterpret pc=0x00007f62a9d8f1b8 method=com.android.dx.util.ByteArrayAnnotatedOutput.ensureCapacity(I)V @ 6
Event: 142.272 Thread 0x00007f62b8259000 Uncommon trap: reason=unstable_if action=reinterpret pc=0x00007f62a9d27578 method=com.android.dx.util.ByteArrayAnnotatedOutput.ensureCapacity(I)V @ 6
Event: 142.307 Thread 0x00007f62b8259000 Uncommon trap: reason=unstable_if action=reinterpret pc=0x00007f62a97124a4 method=com.android.dx.util.ByteArrayAnnotatedOutput.ensureCapacity(I)V @ 6

Internal exceptions (10 events):
Event: 0.079 Thread 0x00007f62b800a000 Exception <a 'java/util/zip/ZipException'> (0x000000071565a5f0) thrown at [/build/buildd/openjdk-8-8u45-b14/src/hotspot/src/share/vm/prims/jni.cpp, line 709]
Event: 0.079 Thread 0x00007f62b800a000 Exception <a 'java/security/PrivilegedActionException'> (0x000000071565a838) thrown at [/build/buildd/openjdk-8-8u45-b14/src/hotspot/src/share/vm/prims/jvm.cpp, line 1382]
Event: 0.079 Thread 0x00007f62b800a000 Exception <a 'java/security/PrivilegedActionException'> (0x000000071565a9f0) thrown at [/build/buildd/openjdk-8-8u45-b14/src/hotspot/src/share/vm/prims/jvm.cpp, line 1382]
Event: 1.186 Thread 0x00007f62b8257000 Implicit null exception at 0x00007f62a93022f5 to 0x00007f62a9304a69
Event: 3.415 Thread 0x00007f62b825a800 Exception <a 'java/lang/ArrayIndexOutOfBoundsException': 18> (0x000000071840e5f0) thrown at [/build/buildd/openjdk-8-8u45-b14/src/hotspot/src/share/vm/interpreter/interpreterRuntime.cpp, line 366]
Event: 3.855 Thread 0x00007f62b8259000 Exception <a 'java/lang/ArrayIndexOutOfBoundsException': 145> (0x000000071668c768) thrown at [/build/buildd/openjdk-8-8u45-b14/src/hotspot/src/share/vm/interpreter/interpreterRuntime.cpp, line 366]
Event: 3.877 Thread 0x00007f62b8259000 Exception <a 'java/lang/ArrayIndexOutOfBoundsException'> (0x000000071668d9a0) thrown at [/build/buildd/openjdk-8-8u45-b14/src/hotspot/src/share/vm/runtime/sharedRuntime.cpp, line 605]
Event: 12.033 Thread 0x00007f62b819a000 Implicit null exception at 0x00007f62a94498ab to 0x00007f62a9449e41
Event: 65.176 Thread 0x00007f62b819a000 Implicit null exception at 0x00007f62a944bbb4 to 0x00007f62a944c299
Event: 139.346 Thread 0x00007f62b8259000 Implicit null exception at 0x00007f62a938c0ea to 0x00007f62a938e7d3

Events (10 events):
Event: 142.255 Thread 0x00007f62b8259000 DEOPT PACKING pc=0x00007f62a935d4fa sp=0x00007f629f1905b0
Event: 142.255 Thread 0x00007f62b8259000 DEOPT UNPACKING pc=0x00007f62a9047373 sp=0x00007f629f1903a8 mode 0
Event: 142.272 Thread 0x00007f62b8259000 Uncommon trap: trap_request=0xffffff65 fr.pc=0x00007f62a9d27578
Event: 142.272 Thread 0x00007f62b8259000 DEOPT PACKING pc=0x00007f62a9d27578 sp=0x00007f629f1902c0
Event: 142.272 Thread 0x00007f62b8259000 DEOPT UNPACKING pc=0x00007f62a9004f69 sp=0x00007f629f190230 mode 2
Event: 142.307 Thread 0x00007f62b8259000 Uncommon trap: trap_request=0xffffff65 fr.pc=0x00007f62a97124a4
Event: 142.307 Thread 0x00007f62b8259000 DEOPT PACKING pc=0x00007f62a97124a4 sp=0x00007f629f1903f0
Event: 142.307 Thread 0x00007f62b8259000 DEOPT UNPACKING pc=0x00007f62a9004f69 sp=0x00007f629f190208 mode 2
Event: 142.360 loading class com/android/dex/EncodedValueCodec
Event: 142.360 loading class com/android/dex/EncodedValueCodec done


Dynamic libraries:
00400000-00401000 r-xp 00000000 08:01 24123574                           /usr/lib/jvm/java-8-openjdk-amd64/jre/bin/java
00600000-00601000 r--p 00000000 08:01 24123574                           /usr/lib/jvm/java-8-openjdk-amd64/jre/bin/java
00601000-00602000 rw-p 00001000 08:01 24123574                           /usr/lib/jvm/java-8-openjdk-amd64/jre/bin/java
025ea000-0260b000 rw-p 00000000 00:00 0                                  [heap]
5c0000000-5fff80000 rw-p 00000000 00:00 0 
5fff80000-715580000 ---p 00000000 00:00 0 
715580000-76fb80000 rw-p 00000000 00:00 0 
76fb80000-7c0000000 ---p 00000000 00:00 0 
7c0000000-7c00c0000 rw-p 00000000 00:00 0 
7c00c0000-800000000 ---p 00000000 00:00 0 
7f6244000000-7f624405e000 rw-p 00000000 00:00 0 
7f624405e000-7f6248000000 ---p 00000000 00:00 0 
7f6248000000-7f62480f0000 rw-p 00000000 00:00 0 
7f62480f0000-7f624c000000 ---p 00000000 00:00 0 
7f6250000000-7f6250021000 rw-p 00000000 00:00 0 
7f6250021000-7f6254000000 ---p 00000000 00:00 0 
7f6254000000-7f6254049000 rw-p 00000000 00:00 0 
7f6254049000-7f6258000000 ---p 00000000 00:00 0 
7f6258000000-7f6258021000 rw-p 00000000 00:00 0 
7f6258021000-7f625c000000 ---p 00000000 00:00 0 
7f625c000000-7f625c03d000 rw-p 00000000 00:00 0 
7f625c03d000-7f6260000000 ---p 00000000 00:00 0 
7f6260000000-7f6260e57000 rw-p 00000000 00:00 0 
7f6260e57000-7f6264000000 ---p 00000000 00:00 0 
7f6264000000-7f6264021000 rw-p 00000000 00:00 0 
7f6264021000-7f6268000000 ---p 00000000 00:00 0 
7f6268000000-7f626a3dc000 rw-p 00000000 00:00 0 
7f626a3dc000-7f626c000000 ---p 00000000 00:00 0 
7f626c000000-7f626db8c000 rw-p 00000000 00:00 0 
7f626db8c000-7f6270000000 ---p 00000000 00:00 0 
7f6270000000-7f6270021000 rw-p 00000000 00:00 0 
7f6270021000-7f6274000000 ---p 00000000 00:00 0 
7f6274000000-7f6274021000 rw-p 00000000 00:00 0 
7f6274021000-7f6278000000 ---p 00000000 00:00 0 
7f6278000000-7f6278024000 rw-p 00000000 00:00 0 
7f6278024000-7f627c000000 ---p 00000000 00:00 0 
7f627c000000-7f627c021000 rw-p 00000000 00:00 0 
7f627c021000-7f6280000000 ---p 00000000 00:00 0 
7f6280000000-7f6290000000 rw-p 00000000 00:00 0 
7f6290000000-7f6290021000 rw-p 00000000 00:00 0 
7f6290021000-7f6294000000 ---p 00000000 00:00 0 
7f6294000000-7f6294021000 rw-p 00000000 00:00 0 
7f6294021000-7f6298000000 ---p 00000000 00:00 0 
7f6298000000-7f6298021000 rw-p 00000000 00:00 0 
7f6298021000-7f629c000000 ---p 00000000 00:00 0 
7f629ee8f000-7f629ee92000 ---p 00000000 00:00 0 
7f629ee92000-7f629ef90000 rw-p 00000000 00:00 0 
7f629ef90000-7f629ef93000 ---p 00000000 00:00 0 
7f629ef93000-7f629f091000 rw-p 00000000 00:00 0 
7f629f091000-7f629f094000 ---p 00000000 00:00 0 
7f629f094000-7f629f192000 rw-p 00000000 00:00 0                          [stack:10866]
7f629f192000-7f629f195000 ---p 00000000 00:00 0 
7f629f195000-7f629f293000 rw-p 00000000 00:00 0 
7f629f293000-7f629f296000 ---p 00000000 00:00 0 
7f629f296000-7f629f394000 rw-p 00000000 00:00 0 
7f629f419000-7f629f41a000 ---p 00000000 00:00 0 
7f629f41a000-7f629f51a000 rw-p 00000000 00:00 0                          [stack:10847]
7f629f51a000-7f629f51d000 ---p 00000000 00:00 0 
7f629f51d000-7f629f61b000 rw-p 00000000 00:00 0                          [stack:10846]
7f629f61b000-7f629f61e000 ---p 00000000 00:00 0 
7f629f61e000-7f629f71c000 rw-p 00000000 00:00 0                          [stack:10845]
7f629f71c000-7f629f71f000 ---p 00000000 00:00 0 
7f629f71f000-7f629f81d000 rw-p 00000000 00:00 0                          [stack:10844]
7f629f81d000-7f629f820000 ---p 00000000 00:00 0 
7f629f820000-7f629f91e000 rw-p 00000000 00:00 0                          [stack:10843]
7f629f91e000-7f62a0000000 r--p 00000000 08:01 22420472                   /usr/lib/locale/locale-archive
7f62a0000000-7f62a0021000 rw-p 00000000 00:00 0 
7f62a0021000-7f62a4000000 ---p 00000000 00:00 0 
7f62a4060000-7f62a407a000 r--s 001d3000 08:01 23855469                   /usr/lib/jvm/java-8-openjdk-amd64/jre/lib/ext/nashorn.jar
7f62a407a000-7f62a4096000 r--s 00393000 08:01 23855468                   /usr/lib/jvm/java-8-openjdk-amd64/jre/lib/ext/cldrdata.jar
7f62a4096000-7f62a4099000 ---p 00000000 00:00 0 
7f62a4099000-7f62a4197000 rw-p 00000000 00:00 0                          [stack:10842]
7f62a4197000-7f62a419a000 ---p 00000000 00:00 0 
7f62a419a000-7f62a4298000 rw-p 00000000 00:00 0                          [stack:10841]
7f62a4298000-7f62a429b000 ---p 00000000 00:00 0 
7f62a429b000-7f62a4399000 rw-p 00000000 00:00 0                          [stack:10840]
7f62a4399000-7f62a439a000 ---p 00000000 00:00 0 
7f62a439a000-7f62a544e000 rw-p 00000000 00:00 0                          [stack:10839]
7f62a544e000-7f62a561b000 r--s 03bd3000 08:01 23855484                   /usr/lib/jvm/java-8-openjdk-amd64/jre/lib/rt.jar
7f62a561b000-7f62a5dd1000 rw-p 00000000 00:00 0 
7f62a5dd1000-7f62a5e91000 ---p 00000000 00:00 0 
7f62a5e91000-7f62a6e91000 rw-p 00000000 00:00 0 
7f62a6e91000-7f62a6e92000 ---p 00000000 00:00 0 
7f62a6e92000-7f62a6f92000 rw-p 00000000 00:00 0                          [stack:10836]
7f62a6f92000-7f62a6f93000 ---p 00000000 00:00 0 
7f62a6f93000-7f62a7093000 rw-p 00000000 00:00 0                          [stack:10835]
7f62a7093000-7f62a7094000 ---p 00000000 00:00 0 
7f62a7094000-7f62a7394000 rw-p 00000000 00:00 0                          [stack:10834]
7f62a7394000-7f62a7c3f000 ---p 00000000 00:00 0 
7f62a7c3f000-7f62a7e3f000 rw-p 00000000 00:00 0 
7f62a7e3f000-7f62a86e9000 ---p 00000000 00:00 0 
7f62a86e9000-7f62a89bd000 rw-p 00000000 00:00 0 
7f62a89bd000-7f62a8c3f000 ---p 00000000 00:00 0 
7f62a8c3f000-7f62a8c7a000 rw-p 00000000 00:00 0 
7f62a8c7a000-7f62a9000000 ---p 00000000 00:00 0 
7f62a9000000-7f62a9e80000 rwxp 00000000 00:00 0 
7f62a9e80000-7f62b8000000 ---p 00000000 00:00 0 
7f62b8000000-7f62b83e9000 rw-p 00000000 00:00 0 
7f62b83e9000-7f62bc000000 ---p 00000000 00:00 0 
7f62bc005000-7f62bc014000 r--s 000df000 08:01 17432866                   /home/ld/Android/Sdk/build-tools/23.0.2/lib/dx.jar
7f62bc014000-7f62bc0bc000 rw-p 00000000 00:00 0 
7f62bc0bc000-7f62bc0bd000 ---p 00000000 00:00 0 
7f62bc0bd000-7f62bc1bd000 rw-p 00000000 00:00 0                          [stack:10833]
7f62bc1bd000-7f62bc1c5000 r-xp 00000000 08:01 23855425                   /usr/lib/jvm/java-8-openjdk-amd64/jre/lib/amd64/libzip.so
7f62bc1c5000-7f62bc3c4000 ---p 00008000 08:01 23855425                   /usr/lib/jvm/java-8-openjdk-amd64/jre/lib/amd64/libzip.so
7f62bc3c4000-7f62bc3c5000 r--p 00007000 08:01 23855425                   /usr/lib/jvm/java-8-openjdk-amd64/jre/lib/amd64/libzip.so
7f62bc3c5000-7f62bc3c6000 rw-p 00008000 08:01 23855425                   /usr/lib/jvm/java-8-openjdk-amd64/jre/lib/amd64/libzip.so
7f62bc3c6000-7f62bc3d2000 r-xp 00000000 08:01 13373668                   /lib/x86_64-linux-gnu/libnss_files-2.21.so
7f62bc3d2000-7f62bc5d1000 ---p 0000c000 08:01 13373668                   /lib/x86_64-linux-gnu/libnss_files-2.21.so
7f62bc5d1000-7f62bc5d2000 r--p 0000b000 08:01 13373668                   /lib/x86_64-linux-gnu/libnss_files-2.21.so
7f62bc5d2000-7f62bc5d3000 rw-p 0000c000 08:01 13373668                   /lib/x86_64-linux-gnu/libnss_files-2.21.so
7f62bc5d3000-7f62bc5de000 r-xp 00000000 08:01 13373678                   /lib/x86_64-linux-gnu/libnss_nis-2.21.so
7f62bc5de000-7f62bc7dd000 ---p 0000b000 08:01 13373678                   /lib/x86_64-linux-gnu/libnss_nis-2.21.so
7f62bc7dd000-7f62bc7de000 r--p 0000a000 08:01 13373678                   /lib/x86_64-linux-gnu/libnss_nis-2.21.so
7f62bc7de000-7f62bc7df000 rw-p 0000b000 08:01 13373678                   /lib/x86_64-linux-gnu/libnss_nis-2.21.so
7f62bc7df000-7f62bc7f6000 r-xp 00000000 08:01 13373662                   /lib/x86_64-linux-gnu/libnsl-2.21.so
7f62bc7f6000-7f62bc9f5000 ---p 00017000 08:01 13373662                   /lib/x86_64-linux-gnu/libnsl-2.21.so
7f62bc9f5000-7f62bc9f6000 r--p 00016000 08:01 13373662                   /lib/x86_64-linux-gnu/libnsl-2.21.so
7f62bc9f6000-7f62bc9f7000 rw-p 00017000 08:01 13373662                   /lib/x86_64-linux-gnu/libnsl-2.21.so
7f62bc9f7000-7f62bc9f9000 rw-p 00000000 00:00 0 
7f62bc9f9000-7f62bca01000 r-xp 00000000 08:01 13373664                   /lib/x86_64-linux-gnu/libnss_compat-2.21.so
7f62bca01000-7f62bcc00000 ---p 00008000 08:01 13373664                   /lib/x86_64-linux-gnu/libnss_compat-2.21.so
7f62bcc00000-7f62bcc01000 r--p 00007000 08:01 13373664                   /lib/x86_64-linux-gnu/libnss_compat-2.21.so
7f62bcc01000-7f62bcc02000 rw-p 00008000 08:01 13373664                   /lib/x86_64-linux-gnu/libnss_compat-2.21.so
7f62bcc02000-7f62bcc30000 r-xp 00000000 08:01 23855422                   /usr/lib/jvm/java-8-openjdk-amd64/jre/lib/amd64/libjava.so
7f62bcc30000-7f62bce2f000 ---p 0002e000 08:01 23855422                   /usr/lib/jvm/java-8-openjdk-amd64/jre/lib/amd64/libjava.so
7f62bce2f000-7f62bce30000 r--p 0002d000 08:01 23855422                   /usr/lib/jvm/java-8-openjdk-amd64/jre/lib/amd64/libjava.so
7f62bce30000-7f62bce32000 rw-p 0002e000 08:01 23855422                   /usr/lib/jvm/java-8-openjdk-amd64/jre/lib/amd64/libjava.so
7f62bce32000-7f62bce41000 r-xp 00000000 08:01 23855437                   /usr/lib/jvm/java-8-openjdk-amd64/jre/lib/amd64/libverify.so
7f62bce41000-7f62bd041000 ---p 0000f000 08:01 23855437                   /usr/lib/jvm/java-8-openjdk-amd64/jre/lib/amd64/libverify.so
7f62bd041000-7f62bd044000 r--p 0000f000 08:01 23855437                   /usr/lib/jvm/java-8-openjdk-amd64/jre/lib/amd64/libverify.so
7f62bd044000-7f62bd045000 rw-p 00012000 08:01 23855437                   /usr/lib/jvm/java-8-openjdk-amd64/jre/lib/amd64/libverify.so
7f62bd045000-7f62bd04c000 r-xp 00000000 08:01 13373723                   /lib/x86_64-linux-gnu/librt-2.21.so
7f62bd04c000-7f62bd24b000 ---p 00007000 08:01 13373723                   /lib/x86_64-linux-gnu/librt-2.21.so
7f62bd24b000-7f62bd24c000 r--p 00006000 08:01 13373723                   /lib/x86_64-linux-gnu/librt-2.21.so
7f62bd24c000-7f62bd24d000 rw-p 00007000 08:01 13373723                   /lib/x86_64-linux-gnu/librt-2.21.so
7f62bd24d000-7f62bd263000 r-xp 00000000 08:01 13369446                   /lib/x86_64-linux-gnu/libgcc_s.so.1
7f62bd263000-7f62bd462000 ---p 00016000 08:01 13369446                   /lib/x86_64-linux-gnu/libgcc_s.so.1
7f62bd462000-7f62bd463000 rw-p 00015000 08:01 13369446                   /lib/x86_64-linux-gnu/libgcc_s.so.1
7f62bd463000-7f62bd56a000 r-xp 00000000 08:01 13373641                   /lib/x86_64-linux-gnu/libm-2.21.so
7f62bd56a000-7f62bd769000 ---p 00107000 08:01 13373641                   /lib/x86_64-linux-gnu/libm-2.21.so
7f62bd769000-7f62bd76a000 r--p 00106000 08:01 13373641                   /lib/x86_64-linux-gnu/libm-2.21.so
7f62bd76a000-7f62bd76b000 rw-p 00107000 08:01 13373641                   /lib/x86_64-linux-gnu/libm-2.21.so
7f62bd76b000-7f62bd85b000 r-xp 00000000 08:01 22422483                   /usr/lib/x86_64-linux-gnu/libstdc++.so.6.0.20
7f62bd85b000-7f62bda5b000 ---p 000f0000 08:01 22422483                   /usr/lib/x86_64-linux-gnu/libstdc++.so.6.0.20
7f62bda5b000-7f62bda63000 r--p 000f0000 08:01 22422483                   /usr/lib/x86_64-linux-gnu/libstdc++.so.6.0.20
7f62bda63000-7f62bda65000 rw-p 000f8000 08:01 22422483                   /usr/lib/x86_64-linux-gnu/libstdc++.so.6.0.20
7f62bda65000-7f62bda7a000 rw-p 00000000 00:00 0 
7f62bda7a000-7f62be707000 r-xp 00000000 08:01 23855449                   /usr/lib/jvm/java-8-openjdk-amd64/jre/lib/amd64/server/libjvm.so
7f62be707000-7f62be907000 ---p 00c8d000 08:01 23855449                   /usr/lib/jvm/java-8-openjdk-amd64/jre/lib/amd64/server/libjvm.so
7f62be907000-7f62be9aa000 r--p 00c8d000 08:01 23855449                   /usr/lib/jvm/java-8-openjdk-amd64/jre/lib/amd64/server/libjvm.so
7f62be9aa000-7f62be9d3000 rw-p 00d30000 08:01 23855449                   /usr/lib/jvm/java-8-openjdk-amd64/jre/lib/amd64/server/libjvm.so
7f62be9d3000-7f62bea02000 rw-p 00000000 00:00 0 
7f62bea02000-7f62bea1a000 r-xp 00000000 08:01 13373715                   /lib/x86_64-linux-gnu/libpthread-2.21.so
7f62bea1a000-7f62bec1a000 ---p 00018000 08:01 13373715                   /lib/x86_64-linux-gnu/libpthread-2.21.so
7f62bec1a000-7f62bec1b000 r--p 00018000 08:01 13373715                   /lib/x86_64-linux-gnu/libpthread-2.21.so
7f62bec1b000-7f62bec1c000 rw-p 00019000 08:01 13373715                   /lib/x86_64-linux-gnu/libpthread-2.21.so
7f62bec1c000-7f62bec20000 rw-p 00000000 00:00 0 
7f62bec20000-7f62bec23000 r-xp 00000000 08:01 13373599                   /lib/x86_64-linux-gnu/libdl-2.21.so
7f62bec23000-7f62bee22000 ---p 00003000 08:01 13373599                   /lib/x86_64-linux-gnu/libdl-2.21.so
7f62bee22000-7f62bee23000 r--p 00002000 08:01 13373599                   /lib/x86_64-linux-gnu/libdl-2.21.so
7f62bee23000-7f62bee24000 rw-p 00003000 08:01 13373599                   /lib/x86_64-linux-gnu/libdl-2.21.so
7f62bee24000-7f62bee3d000 r-xp 00000000 08:01 13373756                   /lib/x86_64-linux-gnu/libz.so.1.2.8
7f62bee3d000-7f62bf03d000 ---p 00019000 08:01 13373756                   /lib/x86_64-linux-gnu/libz.so.1.2.8
7f62bf03d000-7f62bf03e000 r--p 00019000 08:01 13373756                   /lib/x86_64-linux-gnu/libz.so.1.2.8
7f62bf03e000-7f62bf03f000 rw-p 0001a000 08:01 13373756                   /lib/x86_64-linux-gnu/libz.so.1.2.8
7f62bf03f000-7f62bf1ff000 r-xp 00000000 08:01 13373582                   /lib/x86_64-linux-gnu/libc-2.21.so
7f62bf1ff000-7f62bf3ff000 ---p 001c0000 08:01 13373582                   /lib/x86_64-linux-gnu/libc-2.21.so
7f62bf3ff000-7f62bf403000 r--p 001c0000 08:01 13373582                   /lib/x86_64-linux-gnu/libc-2.21.so
7f62bf403000-7f62bf405000 rw-p 001c4000 08:01 13373582                   /lib/x86_64-linux-gnu/libc-2.21.so
7f62bf405000-7f62bf409000 rw-p 00000000 00:00 0 
7f62bf409000-7f62bf417000 r-xp 00000000 08:01 23855456                   /usr/lib/jvm/java-8-openjdk-amd64/jre/lib/amd64/jli/libjli.so
7f62bf417000-7f62bf616000 ---p 0000e000 08:01 23855456                   /usr/lib/jvm/java-8-openjdk-amd64/jre/lib/amd64/jli/libjli.so
7f62bf616000-7f62bf617000 r--p 0000d000 08:01 23855456                   /usr/lib/jvm/java-8-openjdk-amd64/jre/lib/amd64/jli/libjli.so
7f62bf617000-7f62bf618000 rw-p 0000e000 08:01 23855456                   /usr/lib/jvm/java-8-openjdk-amd64/jre/lib/amd64/jli/libjli.so
7f62bf618000-7f62bf63c000 r-xp 00000000 08:01 13373554                   /lib/x86_64-linux-gnu/ld-2.21.so
7f62bf642000-7f62bf643000 rw-p 00000000 00:00 0 
7f62bf643000-7f62bf649000 r--s 0003a000 08:01 23855473                   /usr/lib/jvm/java-8-openjdk-amd64/jre/lib/ext/sunjce_provider.jar
7f62bf649000-7f62bf654000 r--s 00116000 08:01 23855471                   /usr/lib/jvm/java-8-openjdk-amd64/jre/lib/ext/localedata.jar
7f62bf654000-7f62bf71c000 rw-p 00000000 00:00 0 
7f62bf71c000-7f62bf71f000 ---p 00000000 00:00 0 
7f62bf71f000-7f62bf823000 rw-p 00000000 00:00 0                          [stack:10832]
7f62bf823000-7f62bf824000 r--s 00010000 08:01 23855472                   /usr/lib/jvm/java-8-openjdk-amd64/jre/lib/ext/zipfs.jar
7f62bf824000-7f62bf827000 r--s 00037000 08:01 23855476                   /usr/lib/jvm/java-8-openjdk-amd64/jre/lib/ext/sunpkcs11.jar
7f62bf827000-7f62bf82a000 r--s 0000f000 08:01 23855475                   /usr/lib/jvm/java-8-openjdk-amd64/jre/lib/ext/icedtea-sound.jar
7f62bf82a000-7f62bf82c000 r--s 00001000 08:01 23855474                   /usr/lib/jvm/java-8-openjdk-amd64/jre/lib/ext/dnsns.jar
7f62bf82c000-7f62bf82d000 r--s 00008000 08:01 23855470                   /usr/lib/jvm/java-8-openjdk-amd64/jre/lib/ext/sunec.jar
7f62bf82d000-7f62bf82f000 r--s 00006000 08:01 22937807                   /usr/share/java/java-atk-wrapper.jar
7f62bf82f000-7f62bf837000 rw-s 00000000 08:01 19271756                   /tmp/hsperfdata_ld/10829
7f62bf837000-7f62bf838000 rw-p 00000000 00:00 0 
7f62bf838000-7f62bf839000 ---p 00000000 00:00 0 
7f62bf839000-7f62bf83b000 rw-p 00000000 00:00 0 
7f62bf83b000-7f62bf83c000 r--p 00023000 08:01 13373554                   /lib/x86_64-linux-gnu/ld-2.21.so
7f62bf83c000-7f62bf83d000 rw-p 00024000 08:01 13373554                   /lib/x86_64-linux-gnu/ld-2.21.so
7f62bf83d000-7f62bf83e000 rw-p 00000000 00:00 0 
7ffe18793000-7ffe187b4000 rw-p 00000000 00:00 0                          [stack]
7ffe187cf000-7ffe187d1000 r--p 00000000 00:00 0                          [vvar]
7ffe187d1000-7ffe187d3000 r-xp 00000000 00:00 0                          [vdso]
ffffffffff600000-ffffffffff601000 r-xp 00000000 00:00 0                  [vsyscall]

VM Arguments:
jvm_args: -Djava.awt.headless=true -Xmx8g -Dfile.encoding=UTF-8 -Duser.country=US -Duser.language=en -Duser.variant 
java_command: com.android.dx.command.Main --dex --num-threads=4 --multi-dex --main-dex-list /home/ld/AndroidStudioProjects/SmartTrainerApp/Code/app/build/intermediates/multi-dex/debug/maindexlist.txt --output /home/ld/AndroidStudioProjects/SmartTrainerApp/Code/app/build/intermediates/transforms/dex/debug/folders/1000/1f/main /home/ld/AndroidStudioProjects/SmartTrainerApp/Code/app/build/intermediates/transforms/jarMerging/debug/jars/1/1f/combined.jar
java_class_path (initial): /home/ld/Android/Sdk/build-tools/23.0.2/lib/dx.jar
Launcher Type: SUN_STANDARD

Environment Variables:
PATH=/usr/local/sbin:/usr/local/bin:/usr/sbin:/usr/bin:/sbin:/bin:/usr/games:/usr/local/games
LD_LIBRARY_PATH=/opt/android-studio/bin:
SHELL=/bin/bash
DISPLAY=:0

Signal Handlers:
SIGSEGV: [libjvm.so+0xa90d80], sa_mask[0]=11111111011111111101111111111110, sa_flags=SA_RESTART|SA_SIGINFO
SIGBUS: [libjvm.so+0xa90d80], sa_mask[0]=11111111011111111101111111111110, sa_flags=SA_RESTART|SA_SIGINFO
SIGFPE: [libjvm.so+0x8dbc70], sa_mask[0]=11111111011111111101111111111110, sa_flags=SA_RESTART|SA_SIGINFO
SIGPIPE: [libjvm.so+0x8dbc70], sa_mask[0]=11111111011111111101111111111110, sa_flags=SA_RESTART|SA_SIGINFO
SIGXFSZ: [libjvm.so+0x8dbc70], sa_mask[0]=11111111011111111101111111111110, sa_flags=SA_RESTART|SA_SIGINFO
SIGILL: [libjvm.so+0x8dbc70], sa_mask[0]=11111111011111111101111111111110, sa_flags=SA_RESTART|SA_SIGINFO
SIGUSR1: SIG_DFL, sa_mask[0]=00000000000000000000000000000000, sa_flags=none
SIGUSR2: [libjvm.so+0x8dbb20], sa_mask[0]=00100000000000000000000000000000, sa_flags=SA_RESTART|SA_SIGINFO
SIGHUP: [libjvm.so+0x8dbd40], sa_mask[0]=11111111011111111101111111111110, sa_flags=SA_RESTART|SA_SIGINFO
SIGINT: [libjvm.so+0x8dbd40], sa_mask[0]=11111111011111111101111111111110, sa_flags=SA_RESTART|SA_SIGINFO
SIGTERM: [libjvm.so+0x8dbd40], sa_mask[0]=11111111011111111101111111111110, sa_flags=SA_RESTART|SA_SIGINFO
SIGQUIT: [libjvm.so+0x8dbd40], sa_mask[0]=11111111011111111101111111111110, sa_flags=SA_RESTART|SA_SIGINFO


---------------  S Y S T E M  ---------------

OS:DISTRIB_ID=Ubuntu
DISTRIB_RELEASE=15.04
DISTRIB_CODENAME=vivid
DISTRIB_DESCRIPTION="Ubuntu 15.04"

uname:Linux 3.19.0-56-generic #62-Ubuntu SMP Thu Mar 10 22:40:07 UTC 2016 x86_64
libc:glibc 2.21 NPTL 2.21 
rlimit: STACK 8192k, CORE 0k, NPROC 15339, NOFILE 65536, AS infinity
load average:8.69 4.20 2.98

/proc/meminfo:
MemTotal:        3949164 kB
MemFree:          120652 kB
MemAvailable:      82000 kB
Buffers:            1604 kB
Cached:           140880 kB
SwapCached:       230120 kB
Active:          2689244 kB
Inactive:         959732 kB
Active(anon):    2658676 kB
Inactive(anon):   931652 kB
Active(file):      30568 kB
Inactive(file):    28080 kB
Unevictable:         272 kB
Mlocked:             272 kB
SwapTotal:       4093948 kB
SwapFree:        2191340 kB
Dirty:               244 kB
Writeback:             0 kB
AnonPages:       3476504 kB
Mapped:            70952 kB
Shmem:             83728 kB
Slab:              70448 kB
SReclaimable:      32988 kB
SUnreclaim:        37460 kB
KernelStack:        9312 kB
PageTables:        47932 kB
NFS_Unstable:          0 kB
Bounce:                0 kB
WritebackTmp:          0 kB
CommitLimit:     6068528 kB
Committed_AS:    9584272 kB
VmallocTotal:   34359738367 kB
VmallocUsed:      370252 kB
VmallocChunk:   34359268484 kB
HardwareCorrupted:     0 kB
AnonHugePages:   1392640 kB
CmaTotal:              0 kB
CmaFree:               0 kB
HugePages_Total:       0
HugePages_Free:        0
HugePages_Rsvd:        0
HugePages_Surp:        0
Hugepagesize:       2048 kB
DirectMap4k:      166276 kB
DirectMap2M:     3930112 kB
DirectMap1G:           0 kB


CPU:total 4 (2 cores per cpu, 2 threads per core) family 6 model 69 stepping 1, cmov, cx8, fxsr, mmx, sse, sse2, sse3, ssse3, sse4.1, sse4.2, popcnt, avx, avx2, aes, clmul, erms, lzcnt, ht, tsc, tscinvbit, bmi1, bmi2

/proc/cpuinfo:
processor	: 0
vendor_id	: GenuineIntel
cpu family	: 6
model		: 69
model name	: Intel(R) Core(TM) i3-4005U CPU @ 1.70GHz
stepping	: 1
microcode	: 0x17
cpu MHz		: 1700.000
cache size	: 3072 KB
physical id	: 0
siblings	: 4
core id		: 0
cpu cores	: 2
apicid		: 0
initial apicid	: 0
fpu		: yes
fpu_exception	: yes
cpuid level	: 13
wp		: yes
flags		: fpu vme de pse tsc msr pae mce cx8 apic sep mtrr pge mca cmov pat pse36 clflush dts acpi mmx fxsr sse sse2 ss ht tm pbe syscall nx pdpe1gb rdtscp lm constant_tsc arch_perfmon pebs bts rep_good nopl xtopology nonstop_tsc aperfmperf eagerfpu pni pclmulqdq dtes64 monitor ds_cpl vmx est tm2 ssse3 fma cx16 xtpr pdcm pcid sse4_1 sse4_2 movbe popcnt tsc_deadline_timer aes xsave avx f16c rdrand lahf_lm abm ida arat epb pln pts dtherm tpr_shadow vnmi flexpriority ept vpid fsgsbase tsc_adjust bmi1 avx2 smep bmi2 erms invpcid xsaveopt
bugs		:
bogomips	: 3392.30
clflush size	: 64
cache_alignment	: 64
address sizes	: 39 bits physical, 48 bits virtual
power management:

processor	: 1
vendor_id	: GenuineIntel
cpu family	: 6
model		: 69
model name	: Intel(R) Core(TM) i3-4005U CPU @ 1.70GHz
stepping	: 1
microcode	: 0x17
cpu MHz		: 1700.132
cache size	: 3072 KB
physical id	: 0
siblings	: 4
core id		: 1
cpu cores	: 2
apicid		: 2
initial apicid	: 2
fpu		: yes
fpu_exception	: yes
cpuid level	: 13
wp		: yes
flags		: fpu vme de pse tsc msr pae mce cx8 apic sep mtrr pge mca cmov pat pse36 clflush dts acpi mmx fxsr sse sse2 ss ht tm pbe syscall nx pdpe1gb rdtscp lm constant_tsc arch_perfmon pebs bts rep_good nopl xtopology nonstop_tsc aperfmperf eagerfpu pni pclmulqdq dtes64 monitor ds_cpl vmx est tm2 ssse3 fma cx16 xtpr pdcm pcid sse4_1 sse4_2 movbe popcnt tsc_deadline_timer aes xsave avx f16c rdrand lahf_lm abm ida arat epb pln pts dtherm tpr_shadow vnmi flexpriority ept vpid fsgsbase tsc_adjust bmi1 avx2 smep bmi2 erms invpcid xsaveopt
bugs		:
bogomips	: 3392.30
clflush size	: 64
cache_alignment	: 64
address sizes	: 39 bits physical, 48 bits virtual
power management:

processor	: 2
vendor_id	: GenuineIntel
cpu family	: 6
model		: 69
model name	: Intel(R) Core(TM) i3-4005U CPU @ 1.70GHz
stepping	: 1
microcode	: 0x17
cpu MHz		: 1699.933
cache size	: 3072 KB
physical id	: 0
siblings	: 4
core id		: 0
cpu cores	: 2
apicid		: 1
initial apicid	: 1
fpu		: yes
fpu_exception	: yes
cpuid level	: 13
wp		: yes
flags		: fpu vme de pse tsc msr pae mce cx8 apic sep mtrr pge mca cmov pat pse36 clflush dts acpi mmx fxsr sse sse2 ss ht tm pbe syscall nx pdpe1gb rdtscp lm constant_tsc arch_perfmon pebs bts rep_good nopl xtopology nonstop_tsc aperfmperf eagerfpu pni pclmulqdq dtes64 monitor ds_cpl vmx est tm2 ssse3 fma cx16 xtpr pdcm pcid sse4_1 sse4_2 movbe popcnt tsc_deadline_timer aes xsave avx f16c rdrand lahf_lm abm ida arat epb pln pts dtherm tpr_shadow vnmi flexpriority ept vpid fsgsbase tsc_adjust bmi1 avx2 smep bmi2 erms invpcid xsaveopt
bugs		:
bogomips	: 3392.30
clflush size	: 64
cache_alignment	: 64
address sizes	: 39 bits physical, 48 bits virtual
power management:

processor	: 3
vendor_id	: GenuineIntel
cpu family	: 6
model		: 69
model name	: Intel(R) Core(TM) i3-4005U CPU @ 1.70GHz
stepping	: 1
microcode	: 0x17
cpu MHz		: 1700.730
cache size	: 3072 KB
physical id	: 0
siblings	: 4
core id		: 1
cpu cores	: 2
apicid		: 3
initial apicid	: 3
fpu		: yes
fpu_exception	: yes
cpuid level	: 13
wp		: yes
flags		: fpu vme de pse tsc msr pae mce cx8 apic sep mtrr pge mca cmov pat pse36 clflush dts acpi mmx fxsr sse sse2 ss ht tm pbe syscall nx pdpe1gb rdtscp lm constant_tsc arch_perfmon pebs bts rep_good nopl xtopology nonstop_tsc aperfmperf eagerfpu pni pclmulqdq dtes64 monitor ds_cpl vmx est tm2 ssse3 fma cx16 xtpr pdcm pcid sse4_1 sse4_2 movbe popcnt tsc_deadline_timer aes xsave avx f16c rdrand lahf_lm abm ida arat epb pln pts dtherm tpr_shadow vnmi flexpriority ept vpid fsgsbase tsc_adjust bmi1 avx2 smep bmi2 erms invpcid xsaveopt
bugs		:
bogomips	: 3392.30
clflush size	: 64
cache_alignment	: 64
address sizes	: 39 bits physical, 48 bits virtual
power management:



Memory: 4k page, physical 3949164k(120652k free), swap 4093948k(2191340k free)

vm_info: OpenJDK 64-Bit Server VM (25.45-b02) for linux-amd64 JRE (1.8.0_45-internal-b14), built on Apr 20 2015 00:35:04 by "buildd" with gcc 4.9.2

time: Mon Apr 11 16:09:05 2016
elapsed time: 148 seconds (0d 0h 2m 28s)

