#
# A fatal error has been detected by the Java Runtime Environment:
#
#  SIGSEGV (0xb) at pc=0x00007fa6d3d81f66, pid=6873, tid=140353985427200
#
# JRE version: OpenJDK Runtime Environment (8.0_45-b14) (build 1.8.0_45-internal-b14)
# Java VM: OpenJDK 64-Bit Server VM (25.45-b02 mixed mode linux-amd64 compressed oops)
# Problematic frame:
# V  [libjvm.so+0x935f66]  PhaseChaitin::post_allocate_copy_removal()+0xbd6
#
# Failed to write core dump. Core dumps have been disabled. To enable core dumping, try "ulimit -c unlimited" before starting Java again
#
# If you would like to submit a bug report, please visit:
#   http://bugreport.java.com/bugreport/crash.jsp
#

---------------  T H R E A D  ---------------

Current thread (0x00007fa6cc0ae800):  JavaThread "C2 CompilerThread1" daemon [_thread_in_native, id=6887, stack(0x00007fa6b561b000,0x00007fa6b571c000)]

siginfo: si_signo: 11 (SIGSEGV), si_code: 2 (SEGV_ACCERR), si_addr: 0x00007fa6d410dc70

Registers:
RAX=0x00007fa6d410dc40, RBX=0x00007fa6885c06e8, RCX=0x00007fa694ceb880, RDX=0x0000000001d16a86
RSP=0x00007fa6b57177c0, RBP=0x00007fa6b57178d0, RSI=0x00007fa6950a6f70, RDI=0x0000000000000100
R8 =0x0000000000000000, R9 =0x00007fa6956bb8a0, R10=0x00007fa6885c06e8, R11=0x0000000000000001
R12=0x00007fa6885c06e8, R13=0x0000000000000002, R14=0x00007fa6b5717c80, R15=0x00007fa6956bb880
RIP=0x00007fa6d3d81f66, EFLAGS=0x0000000000010202, CSGSFS=0x0000000000000033, ERR=0x0000000000000004
  TRAPNO=0x000000000000000e

Top of Stack: (sp=0x00007fa6b57177c0)
0x00007fa6b57177c0:   00000000005adfc0 00007fa690c049f8
0x00007fa6b57177d0:   00007fa690bfce40 00007fa6b5717850
0x00007fa6b57177e0:   00007fa690bfca10 00007fa6cc01bf40
0x00007fa6b57177f0:   0000000c0000000e 00007fa695470980
0x00007fa6b5717800:   00007fa690c00750 00007fa600000001
0x00007fa6b5717810:   00007fa6b5717c80 0000000d000004f6
0x00007fa6b5717820:   00007fa690bfce40 00007fa600000004
0x00007fa6b5717830:   000000003f066cd0 0000000000000000
0x00007fa6b5717840:   00007fa6956bb840 00007fa690833f70
0x00007fa6b5717850:   0000002000000000 0000000000000000
0x00007fa6b5717860:   00000f2500000007 00007fa6908ffd70
0x00007fa6b5717870:   0000000000000000 0000000000000000
0x00007fa6b5717880:   0000000000000000 0000000000000000
0x00007fa6b5717890:   0000000000000000 dbbbd37df6ae4300
0x00007fa6b57178a0:   00007fa694e3f870 00007fa6b5717980
0x00007fa6b57178b0:   00007fa6d43b0440 00007fa688149a30
0x00007fa6b57178c0:   00007fa6b5717c80 00007fa6d437f718
0x00007fa6b57178d0:   00007fa6b5717b50 00007fa6d383d20f
0x00007fa6b57178e0:   000000000000032e 00007fa6b5717a50
0x00007fa6b57178f0:   00000000000003d8 00007fa6b5717950
0x00007fa6b5717900:   00007fa6b57179b0 00007fa6b57179f0
0x00007fa6b5717910:   00007fa688149e18 00007fa688149a40
0x00007fa6b5717920:   00007fa6d42e2030 00007fa60000000c
0x00007fa6b5717930:   00007fa6b571a010 00007fa6b5717c80
0x00007fa6b5717940:   00007fa6000032df 00007fa694000020
0x00007fa6b5717950:   0000000000000002 00007fa69003ce10
0x00007fa6b5717960:   00007fa69003ce10 00007fa69003ce20
0x00007fa6b5717970:   00007fa69003d1f8 00000000000003d8
0x00007fa6b5717980:   00007fa600000002 00007fa688149a30
0x00007fa6b5717990:   00007fa6882455e0 00007fa6882465f0
0x00007fa6b57179a0:   00007fa68824d5c8 00000000012c35d0
0x00007fa6b57179b0:   00007fa60000000b 00007fa6b571a010 

Instructions: (pc=0x00007fa6d3d81f66)
0x00007fa6d3d81f46:   8b 56 70 4c 89 e3 48 8b 72 20 48 8d 14 40 48 8d
0x00007fa6d3d81f56:   04 90 48 c1 e0 03 48 89 85 60 ff ff ff 48 01 f0
0x00007fa6d3d81f66:   44 8b 68 30 0f b6 40 66 83 e0 01 41 f6 44 24 2e
0x00007fa6d3d81f76:   01 41 89 c0 75 39 e9 bd 03 00 00 0f 1f 80 00 00 

Register to memory mapping:

RAX=0x00007fa6d410dc40: <offset 0xcc1c40> in /usr/lib/jvm/java-8-openjdk-amd64/jre/lib/amd64/server/libjvm.so at 0x00007fa6d344c000
RBX=0x00007fa6885c06e8 is an unknown value
RCX=0x00007fa694ceb880 is an unknown value
RDX=0x0000000001d16a86 is an unknown value
RSP=0x00007fa6b57177c0 is pointing into the stack for thread: 0x00007fa6cc0ae800
RBP=0x00007fa6b57178d0 is pointing into the stack for thread: 0x00007fa6cc0ae800
RSI=0x00007fa6950a6f70 is an unknown value
RDI=0x0000000000000100 is an unknown value
R8 =0x0000000000000000 is an unknown value
R9 =0x00007fa6956bb8a0 is an unknown value
R10=0x00007fa6885c06e8 is an unknown value
R11=0x0000000000000001 is an unknown value
R12=0x00007fa6885c06e8 is an unknown value
R13=0x0000000000000002 is an unknown value
R14=0x00007fa6b5717c80 is pointing into the stack for thread: 0x00007fa6cc0ae800
R15=0x00007fa6956bb880 is an unknown value


Stack: [0x00007fa6b561b000,0x00007fa6b571c000],  sp=0x00007fa6b57177c0,  free space=1009k
Native frames: (J=compiled Java code, j=interpreted, Vv=VM code, C=native code)
V  [libjvm.so+0x935f66]  PhaseChaitin::post_allocate_copy_removal()+0xbd6
V  [libjvm.so+0x3f120f]  PhaseChaitin::Register_Allocate()+0x9ef
V  [libjvm.so+0x4883d7]  Compile::Code_Gen()+0x2c7
V  [libjvm.so+0x48995a]  Compile::Compile(ciEnv*, C2Compiler*, ciMethod*, int, bool, bool, bool)+0x11ca
V  [libjvm.so+0x3d3d21]  C2Compiler::compile_method(ciEnv*, ciMethod*, int)+0x1a1
V  [libjvm.so+0x4956d6]  CompileBroker::invoke_compiler_on_method(CompileTask*)+0xdc6
V  [libjvm.so+0x496c5f]  CompileBroker::compiler_thread_loop()+0x3ef
V  [libjvm.so+0xa3652a]  JavaThread::thread_main_inner()+0x25a
V  [libjvm.so+0x8dd8a2]  java_start(Thread*)+0xf2
C  [libpthread.so.0+0x76aa]  start_thread+0xca


Current CompileTask:
C2:  22293 5689   !   4       java.net.URLClassLoader$1::run (63 bytes)


---------------  P R O C E S S  ---------------

Java Threads: ( => current thread )
  0x00007fa674b6d000 JavaThread "File lock request listener" [_thread_in_native, id=6902, stack(0x00007fa66f346000,0x00007fa66f447000)]
  0x00007fa674a83800 JavaThread "process reaper" daemon [_thread_blocked, id=6901, stack(0x00007fa66f647000,0x00007fa66f680000)]
  0x00007fa674025800 JavaThread "Stdin handler" [_thread_blocked, id=6899, stack(0x00007fa66fef8000,0x00007fa66fff9000)]
  0x00007fa67800b800 JavaThread "Daemon worker" [_thread_in_native, id=6896, stack(0x00007fa6b4004000,0x00007fa6b4105000)]
  0x00007fa678009800 JavaThread "Cancel handler" [_thread_blocked, id=6895, stack(0x00007fa6b4305000,0x00007fa6b4406000)]
  0x00007fa678003800 JavaThread "Handler for socket connection from /127.0.0.1:34356 to /127.0.0.1:40156" [_thread_in_native, id=6894, stack(0x00007fa6b4406000,0x00007fa6b4507000)]
  0x00007fa68404d800 JavaThread "Daemon" [_thread_blocked, id=6893, stack(0x00007fa6b4507000,0x00007fa6b4608000)]
  0x00007fa6ccab3800 JavaThread "Incoming local TCP Connector on port 34356" [_thread_in_native, id=6892, stack(0x00007fa6b4608000,0x00007fa6b4709000)]
  0x00007fa6cc0be800 JavaThread "Service Thread" daemon [_thread_blocked, id=6889, stack(0x00007fa6b5419000,0x00007fa6b551a000)]
  0x00007fa6cc0b0800 JavaThread "C1 CompilerThread2" daemon [_thread_blocked, id=6888, stack(0x00007fa6b551a000,0x00007fa6b561b000)]
=>0x00007fa6cc0ae800 JavaThread "C2 CompilerThread1" daemon [_thread_in_native, id=6887, stack(0x00007fa6b561b000,0x00007fa6b571c000)]
  0x00007fa6cc0ab800 JavaThread "C2 CompilerThread0" daemon [_thread_blocked, id=6886, stack(0x00007fa6b571c000,0x00007fa6b581d000)]
  0x00007fa6cc0a9800 JavaThread "Signal Dispatcher" daemon [_thread_blocked, id=6885, stack(0x00007fa6b581d000,0x00007fa6b591e000)]
  0x00007fa6cc07f000 JavaThread "Finalizer" daemon [_thread_blocked, id=6883, stack(0x00007fa6bc0f1000,0x00007fa6bc1f2000)]
  0x00007fa6cc07d000 JavaThread "Reference Handler" daemon [_thread_blocked, id=6882, stack(0x00007fa6bc1f2000,0x00007fa6bc2f3000)]
  0x00007fa6cc00a000 JavaThread "main" [_thread_blocked, id=6875, stack(0x00007fa6d50ee000,0x00007fa6d51ef000)]

Other Threads:
  0x00007fa6cc077800 VMThread [stack: 0x00007fa6bc2f3000,0x00007fa6bc3f4000] [id=6881]
  0x00007fa6cc0c0800 WatcherThread [stack: 0x00007fa6b5318000,0x00007fa6b5419000] [id=6890]

VM state:not at safepoint (normal execution)

VM Mutex/Monitor currently owned by a thread: None

Heap:
 PSYoungGen      total 123392K, used 64077K [0x00000000eab00000, 0x00000000f3b80000, 0x0000000100000000)
  eden space 113152K, 47% used [0x00000000eab00000,0x00000000edf992b0,0x00000000f1980000)
  from space 10240K, 99% used [0x00000000f2880000,0x00000000f327a4f8,0x00000000f3280000)
  to   space 15360K, 0% used [0x00000000f1980000,0x00000000f1980000,0x00000000f2880000)
 ParOldGen       total 57856K, used 35264K [0x00000000c0000000, 0x00000000c3880000, 0x00000000eab00000)
  object space 57856K, 60% used [0x00000000c0000000,0x00000000c2270340,0x00000000c3880000)
 Metaspace       used 44535K, capacity 45678K, committed 46000K, reserved 1089536K
  class space    used 5912K, capacity 6260K, committed 6320K, reserved 1048576K

Card table byte_map: [0x00007fa6d15ce000,0x00007fa6d17cf000] byte_map_base: 0x00007fa6d0fce000

Marking Bits: (ParMarkBitMap*) 0x00007fa6d43b8e80
 Begin Bits: [0x00007fa6b6000000, 0x00007fa6b7000000)
 End Bits:   [0x00007fa6b7000000, 0x00007fa6b8000000)

Polling page: 0x00007fa6d520a000

CodeCache: size=245760Kb used=20566Kb max_used=20578Kb free=225193Kb
 bounds [0x00007fa6bd000000, 0x00007fa6be440000, 0x00007fa6cc000000]
 total_blobs=6635 nmethods=5952 adapters=596
 compilation: enabled

Compilation events (10 events):
Event: 22.091 Thread 0x00007fa6cc0ab800 nmethod 6748 0x00007fa6be426c90 code [0x00007fa6be427020, 0x00007fa6be429758]
Event: 22.092 Thread 0x00007fa6cc0ab800 6749       4       java.util.zip.ZipInputStream::read (304 bytes)
Event: 22.097 Thread 0x00007fa6cc0ab800 nmethod 6749 0x00007fa6be41e0d0 code [0x00007fa6be41e260, 0x00007fa6be41e558]
Event: 22.130 Thread 0x00007fa6cc0ab800 6750       4       java.io.FilterInputStream::read (9 bytes)
Event: 22.135 Thread 0x00007fa6cc0ab800 nmethod 6750 0x00007fa6be424c90 code [0x00007fa6be424e20, 0x00007fa6be425078]
Event: 22.149 Thread 0x00007fa6cc0ab800 6751       4       java.util.zip.ZipOutputStream::writeShort (41 bytes)
Event: 22.151 Thread 0x00007fa6cc0ab800 nmethod 6751 0x00007fa6be4248d0 code [0x00007fa6be424a40, 0x00007fa6be424b58]
Event: 22.189 Thread 0x00007fa6cc0ab800 6752   !   4       java.util.zip.Inflater::reset (69 bytes)
Event: 22.194 Thread 0x00007fa6cc0ab800 nmethod 6752 0x00007fa6be4265d0 code [0x00007fa6be426740, 0x00007fa6be426b08]
Event: 22.247 Thread 0x00007fa6cc0ab800 6753       4       java.util.zip.DeflaterOutputStream::write (88 bytes)

GC Heap History (10 events):
Event: 12.612 GC heap before
{Heap before GC invocations=14 (full 1):
 PSYoungGen      total 68608K, used 66856K [0x00000000eab00000, 0x00000000ef800000, 0x0000000100000000)
  eden space 62464K, 100% used [0x00000000eab00000,0x00000000ee800000,0x00000000ee800000)
  from space 6144K, 71% used [0x00000000eee00000,0x00000000ef24a310,0x00000000ef400000)
  to   space 6144K, 0% used [0x00000000ee800000,0x00000000ee800000,0x00000000eee00000)
 ParOldGen       total 32256K, used 10783K [0x00000000c0000000, 0x00000000c1f80000, 0x00000000eab00000)
  object space 32256K, 33% used [0x00000000c0000000,0x00000000c0a87d50,0x00000000c1f80000)
 Metaspace       used 31739K, capacity 32496K, committed 32688K, reserved 1077248K
  class space    used 4247K, capacity 4435K, committed 4528K, reserved 1048576K
Event: 12.651 GC heap after
Heap after GC invocations=14 (full 1):
 PSYoungGen      total 68608K, used 6117K [0x00000000eab00000, 0x00000000f0f80000, 0x0000000100000000)
  eden space 62464K, 0% used [0x00000000eab00000,0x00000000eab00000,0x00000000ee800000)
  from space 6144K, 99% used [0x00000000ee800000,0x00000000eedf96c8,0x00000000eee00000)
  to   space 8192K, 0% used [0x00000000f0780000,0x00000000f0780000,0x00000000f0f80000)
 ParOldGen       total 32256K, used 14751K [0x00000000c0000000, 0x00000000c1f80000, 0x00000000eab00000)
  object space 32256K, 45% used [0x00000000c0000000,0x00000000c0e67da0,0x00000000c1f80000)
 Metaspace       used 31739K, capacity 32496K, committed 32688K, reserved 1077248K
  class space    used 4247K, capacity 4435K, committed 4528K, reserved 1048576K
}
Event: 15.149 GC heap before
{Heap before GC invocations=15 (full 1):
 PSYoungGen      total 68608K, used 66233K [0x00000000eab00000, 0x00000000f0f80000, 0x0000000100000000)
  eden space 62464K, 96% used [0x00000000eab00000,0x00000000ee5b4f40,0x00000000ee800000)
  from space 6144K, 99% used [0x00000000ee800000,0x00000000eedf96c8,0x00000000eee00000)
  to   space 8192K, 0% used [0x00000000f0780000,0x00000000f0780000,0x00000000f0f80000)
 ParOldGen       total 32256K, used 14751K [0x00000000c0000000, 0x00000000c1f80000, 0x00000000eab00000)
  object space 32256K, 45% used [0x00000000c0000000,0x00000000c0e67da0,0x00000000c1f80000)
 Metaspace       used 34554K, capacity 35328K, committed 35496K, reserved 1079296K
  class space    used 4649K, capacity 4843K, committed 4912K, reserved 1048576K
Event: 15.285 GC heap after
Heap after GC invocations=15 (full 1):
 PSYoungGen      total 93696K, used 7594K [0x00000000eab00000, 0x00000000f1380000, 0x0000000100000000)
  eden space 85504K, 0% used [0x00000000eab00000,0x00000000eab00000,0x00000000efe80000)
  from space 8192K, 92% used [0x00000000f0780000,0x00000000f0eea9f0,0x00000000f0f80000)
  to   space 9216K, 0% used [0x00000000efe80000,0x00000000efe80000,0x00000000f0780000)
 ParOldGen       total 32256K, used 20031K [0x00000000c0000000, 0x00000000c1f80000, 0x00000000eab00000)
  object space 32256K, 62% used [0x00000000c0000000,0x00000000c138fdb0,0x00000000c1f80000)
 Metaspace       used 34554K, capacity 35328K, committed 35496K, reserved 1079296K
  class space    used 4649K, capacity 4843K, committed 4912K, reserved 1048576K
}
Event: 15.285 GC heap before
{Heap before GC invocations=16 (full 2):
 PSYoungGen      total 93696K, used 7594K [0x00000000eab00000, 0x00000000f1380000, 0x0000000100000000)
  eden space 85504K, 0% used [0x00000000eab00000,0x00000000eab00000,0x00000000efe80000)
  from space 8192K, 92% used [0x00000000f0780000,0x00000000f0eea9f0,0x00000000f0f80000)
  to   space 9216K, 0% used [0x00000000efe80000,0x00000000efe80000,0x00000000f0780000)
 ParOldGen       total 32256K, used 20031K [0x00000000c0000000, 0x00000000c1f80000, 0x00000000eab00000)
  object space 32256K, 62% used [0x00000000c0000000,0x00000000c138fdb0,0x00000000c1f80000)
 Metaspace       used 34554K, capacity 35328K, committed 35496K, reserved 1079296K
  class space    used 4649K, capacity 4843K, committed 4912K, reserved 1048576K
Event: 15.418 GC heap after
Heap after GC invocations=16 (full 2):
 PSYoungGen      total 93696K, used 0K [0x00000000eab00000, 0x00000000f1380000, 0x0000000100000000)
  eden space 85504K, 0% used [0x00000000eab00000,0x00000000eab00000,0x00000000efe80000)
  from space 8192K, 0% used [0x00000000f0780000,0x00000000f0780000,0x00000000f0f80000)
  to   space 9216K, 0% used [0x00000000efe80000,0x00000000efe80000,0x00000000f0780000)
 ParOldGen       total 57856K, used 24761K [0x00000000c0000000, 0x00000000c3880000, 0x00000000eab00000)
  object space 57856K, 42% used [0x00000000c0000000,0x00000000c182e638,0x00000000c3880000)
 Metaspace       used 34554K, capacity 35328K, committed 35496K, reserved 1079296K
  class space    used 4649K, capacity 4843K, committed 4912K, reserved 1048576K
}
Event: 17.231 GC heap before
{Heap before GC invocations=17 (full 2):
 PSYoungGen      total 93696K, used 85504K [0x00000000eab00000, 0x00000000f1380000, 0x0000000100000000)
  eden space 85504K, 100% used [0x00000000eab00000,0x00000000efe80000,0x00000000efe80000)
  from space 8192K, 0% used [0x00000000f0780000,0x00000000f0780000,0x00000000f0f80000)
  to   space 9216K, 0% used [0x00000000efe80000,0x00000000efe80000,0x00000000f0780000)
 ParOldGen       total 57856K, used 24761K [0x00000000c0000000, 0x00000000c3880000, 0x00000000eab00000)
  object space 57856K, 42% used [0x00000000c0000000,0x00000000c182e638,0x00000000c3880000)
 Metaspace       used 37392K, capacity 38378K, committed 38704K, reserved 1083392K
  class space    used 5098K, capacity 5304K, committed 5424K, reserved 1048576K
Event: 17.251 GC heap after
Heap after GC invocations=17 (full 2):
 PSYoungGen      total 94720K, used 9200K [0x00000000eab00000, 0x00000000f3280000, 0x0000000100000000)
  eden space 85504K, 0% used [0x00000000eab00000,0x00000000eab00000,0x00000000efe80000)
  from space 9216K, 99% used [0x00000000efe80000,0x00000000f077c2b8,0x00000000f0780000)
  to   space 10240K, 0% used [0x00000000f2880000,0x00000000f2880000,0x00000000f3280000)
 ParOldGen       total 57856K, used 25275K [0x00000000c0000000, 0x00000000c3880000, 0x00000000eab00000)
  object space 57856K, 43% used [0x00000000c0000000,0x00000000c18aecc8,0x00000000c3880000)
 Metaspace       used 37392K, capacity 38378K, committed 38704K, reserved 1083392K
  class space    used 5098K, capacity 5304K, committed 5424K, reserved 1048576K
}
Event: 19.576 GC heap before
{Heap before GC invocations=18 (full 2):
 PSYoungGen      total 94720K, used 94704K [0x00000000eab00000, 0x00000000f3280000, 0x0000000100000000)
  eden space 85504K, 100% used [0x00000000eab00000,0x00000000efe80000,0x00000000efe80000)
  from space 9216K, 99% used [0x00000000efe80000,0x00000000f077c2b8,0x00000000f0780000)
  to   space 10240K, 0% used [0x00000000f2880000,0x00000000f2880000,0x00000000f3280000)
 ParOldGen       total 57856K, used 25275K [0x00000000c0000000, 0x00000000c3880000, 0x00000000eab00000)
  object space 57856K, 43% used [0x00000000c0000000,0x00000000c18aecc8,0x00000000c3880000)
 Metaspace       used 42777K, capacity 43842K, committed 44080K, reserved 1087488K
  class space    used 5788K, capacity 6098K, committed 6192K, reserved 1048576K
Event: 19.617 GC heap after
Heap after GC invocations=18 (full 2):
 PSYoungGen      total 123392K, used 10217K [0x00000000eab00000, 0x00000000f3b80000, 0x0000000100000000)
  eden space 113152K, 0% used [0x00000000eab00000,0x00000000eab00000,0x00000000f1980000)
  from space 10240K, 99% used [0x00000000f2880000,0x00000000f327a4f8,0x00000000f3280000)
  to   space 15360K, 0% used [0x00000000f1980000,0x00000000f1980000,0x00000000f2880000)
 ParOldGen       total 57856K, used 35264K [0x00000000c0000000, 0x00000000c3880000, 0x00000000eab00000)
  object space 57856K, 60% used [0x00000000c0000000,0x00000000c2270340,0x00000000c3880000)
 Metaspace       used 42777K, capacity 43842K, committed 44080K, reserved 1087488K
  class space    used 5788K, capacity 6098K, committed 6192K, reserved 1048576K
}

Deoptimization events (10 events):
Event: 21.148 Thread 0x00007fa67800b800 Uncommon trap: reason=unstable_if action=reinterpret pc=0x00007fa6be162ba8 method=com.sun.tools.javac.util.Convert.chars2utf([CI[BII)I @ 35
Event: 21.431 Thread 0x00007fa67800b800 Uncommon trap: reason=bimorphic action=maybe_recompile pc=0x00007fa6bd6315a0 method=java.util.Collections.indexedBinarySearch(Ljava/util/List;Ljava/lang/Object;)I @ 39
Event: 21.450 Thread 0x00007fa67800b800 Uncommon trap: reason=bimorphic action=maybe_recompile pc=0x00007fa6bd6315a0 method=java.util.Collections.indexedBinarySearch(Ljava/util/List;Ljava/lang/Object;)I @ 39
Event: 21.478 Thread 0x00007fa67800b800 Uncommon trap: reason=bimorphic action=maybe_recompile pc=0x00007fa6bd6315a0 method=java.util.Collections.indexedBinarySearch(Ljava/util/List;Ljava/lang/Object;)I @ 39
Event: 21.488 Thread 0x00007fa67800b800 Uncommon trap: reason=bimorphic action=maybe_recompile pc=0x00007fa6bd6315a0 method=java.util.Collections.indexedBinarySearch(Ljava/util/List;Ljava/lang/Object;)I @ 39
Event: 21.544 Thread 0x00007fa67800b800 Uncommon trap: reason=class_check action=maybe_recompile pc=0x00007fa6bd6e5684 method=java.util.zip.InflaterInputStream.read([BII)I @ 100
Event: 21.545 Thread 0x00007fa67800b800 Uncommon trap: reason=unstable_if action=reinterpret pc=0x00007fa6bdc9e70c method=java.util.Date.normalize()Lsun/util/calendar/BaseCalendar$Date; @ 45
Event: 21.545 Thread 0x00007fa67800b800 Uncommon trap: reason=class_check action=maybe_recompile pc=0x00007fa6bd6e5684 method=java.util.zip.InflaterInputStream.read([BII)I @ 100
Event: 21.546 Thread 0x00007fa67800b800 Uncommon trap: reason=class_check action=maybe_recompile pc=0x00007fa6bd6e5684 method=java.util.zip.InflaterInputStream.read([BII)I @ 100
Event: 21.546 Thread 0x00007fa67800b800 Uncommon trap: reason=class_check action=maybe_recompile pc=0x00007fa6bd6e5684 method=java.util.zip.InflaterInputStream.read([BII)I @ 100

Internal exceptions (10 events):
Event: 17.333 Thread 0x00007fa67800b800 Exception <a 'java/lang/ClassNotFoundException': com/android/sdklib/BuildToolInfoCustomizer> (0x00000000eb02ad70) thrown at [/build/buildd/openjdk-8-8u45-b14/src/hotspot/src/share/vm/classfile/systemDictionary.cpp, line 210]
Event: 17.336 Thread 0x00007fa67800b800 Exception <a 'java/lang/ClassNotFoundException': com/android/builder/model/AndroidProjectBeanInfo> (0x00000000eb05fd60) thrown at [/build/buildd/openjdk-8-8u45-b14/src/hotspot/src/share/vm/classfile/systemDictionary.cpp, line 210]
Event: 17.336 Thread 0x00007fa67800b800 Exception <a 'java/lang/ClassNotFoundException': com/android/builder/model/AndroidProjectCustomizer> (0x00000000eb06fc30) thrown at [/build/buildd/openjdk-8-8u45-b14/src/hotspot/src/share/vm/classfile/systemDictionary.cpp, line 210]
Event: 17.340 Thread 0x00007fa67800b800 Exception <a 'java/lang/ClassNotFoundException': java/io/FileBeanInfo> (0x00000000eb0c4078) thrown at [/build/buildd/openjdk-8-8u45-b14/src/hotspot/src/share/vm/classfile/systemDictionary.cpp, line 210]
Event: 17.340 Thread 0x00007fa67800b800 Exception <a 'java/lang/ClassNotFoundException': java/io/FileCustomizer> (0x00000000eb0c95a8) thrown at [/build/buildd/openjdk-8-8u45-b14/src/hotspot/src/share/vm/classfile/systemDictionary.cpp, line 210]
Event: 17.344 Thread 0x00007fa67800b800 Exception <a 'java/lang/ClassNotFoundException': com/android/builder/core/DefaultApiVersionBeanInfo> (0x00000000eb11b340) thrown at [/build/buildd/openjdk-8-8u45-b14/src/hotspot/src/share/vm/classfile/systemDictionary.cpp, line 210]
Event: 17.344 Thread 0x00007fa67800b800 Exception <a 'java/lang/ClassNotFoundException': com/android/builder/core/DefaultApiVersionCustomizer> (0x00000000eb12be18) thrown at [/build/buildd/openjdk-8-8u45-b14/src/hotspot/src/share/vm/classfile/systemDictionary.cpp, line 210]
Event: 17.366 Thread 0x00007fa67800b800 Exception <a 'java/lang/ClassNotFoundException': com/google/common/collect/ListsBeanInfo> (0x00000000eb1fe288) thrown at [/build/buildd/openjdk-8-8u45-b14/src/hotspot/src/share/vm/classfile/systemDictionary.cpp, line 210]
Event: 17.366 Thread 0x00007fa67800b800 Exception <a 'java/lang/ClassNotFoundException': com/google/common/collect/ListsCustomizer> (0x00000000eb20c8a8) thrown at [/build/buildd/openjdk-8-8u45-b14/src/hotspot/src/share/vm/classfile/systemDictionary.cpp, line 210]
Event: 19.618 Thread 0x00007fa67800b800 Implicit null exception at 0x00007fa6bd1e7bc8 to 0x00007fa6bd1e8275

Events (10 events):
Event: 21.545 Thread 0x00007fa67800b800 DEOPT UNPACKING pc=0x00007fa6bd004f69 sp=0x00007fa6b41009e8 mode 2
Event: 21.545 Thread 0x00007fa67800b800 Uncommon trap: trap_request=0xffffffde fr.pc=0x00007fa6bd6e5684
Event: 21.545 Thread 0x00007fa67800b800 DEOPT PACKING pc=0x00007fa6bd6e5684 sp=0x00007fa6b4100b30
Event: 21.545 Thread 0x00007fa67800b800 DEOPT UNPACKING pc=0x00007fa6bd004f69 sp=0x00007fa6b4100b48 mode 2
Event: 21.546 Thread 0x00007fa67800b800 Uncommon trap: trap_request=0xffffffde fr.pc=0x00007fa6bd6e5684
Event: 21.546 Thread 0x00007fa67800b800 DEOPT PACKING pc=0x00007fa6bd6e5684 sp=0x00007fa6b4100b30
Event: 21.546 Thread 0x00007fa67800b800 DEOPT UNPACKING pc=0x00007fa6bd004f69 sp=0x00007fa6b4100b48 mode 2
Event: 21.546 Thread 0x00007fa67800b800 Uncommon trap: trap_request=0xffffffde fr.pc=0x00007fa6bd6e5684
Event: 21.546 Thread 0x00007fa67800b800 DEOPT PACKING pc=0x00007fa6bd6e5684 sp=0x00007fa6b4100b30
Event: 21.546 Thread 0x00007fa67800b800 DEOPT UNPACKING pc=0x00007fa6bd004f69 sp=0x00007fa6b4100b48 mode 2


Dynamic libraries:
00400000-00401000 r-xp 00000000 08:01 24123574                           /usr/lib/jvm/java-8-openjdk-amd64/jre/bin/java
00600000-00601000 r--p 00000000 08:01 24123574                           /usr/lib/jvm/java-8-openjdk-amd64/jre/bin/java
00601000-00602000 rw-p 00001000 08:01 24123574                           /usr/lib/jvm/java-8-openjdk-amd64/jre/bin/java
00941000-00962000 rw-p 00000000 00:00 0                                  [heap]
c0000000-c3880000 rw-p 00000000 00:00 0 
c3880000-eab00000 ---p 00000000 00:00 0 
eab00000-f3b80000 rw-p 00000000 00:00 0 
f3b80000-100000000 ---p 00000000 00:00 0 
100000000-10062c000 rw-p 00000000 00:00 0 
10062c000-140000000 ---p 00000000 00:00 0 
7fa660000000-7fa660021000 rw-p 00000000 00:00 0 
7fa660021000-7fa664000000 ---p 00000000 00:00 0 
7fa664000000-7fa66427c000 rw-p 00000000 00:00 0 
7fa66427c000-7fa668000000 ---p 00000000 00:00 0 
7fa668000000-7fa668021000 rw-p 00000000 00:00 0 
7fa668021000-7fa66c000000 ---p 00000000 00:00 0 
7fa66db42000-7fa66dc02000 rw-p 00000000 00:00 0 
7fa66dc02000-7fa66dd42000 ---p 00000000 00:00 0 
7fa66dde0000-7fa66dfe2000 rw-p 00000000 00:00 0 
7fa66dfe2000-7fa66e1e2000 rw-p 00000000 00:00 0 
7fa66e1e2000-7fa66e1f5000 r--s 00345000 08:01 23855465                   /usr/lib/jvm/java-8-openjdk-amd64/jre/lib/resources.jar
7fa66e1f5000-7fa66e3f5000 rw-p 00000000 00:00 0 
7fa66e3f5000-7fa66e5f5000 rw-p 00000000 00:00 0 
7fa66e5f5000-7fa66e7f5000 rw-p 00000000 00:00 0 
7fa66e7f5000-7fa66e9f5000 rw-p 00000000 00:00 0 
7fa66e9f5000-7fa66e9fe000 r-xp 00000000 08:01 23855423                   /usr/lib/jvm/java-8-openjdk-amd64/jre/lib/amd64/libmanagement.so
7fa66e9fe000-7fa66ebfd000 ---p 00009000 08:01 23855423                   /usr/lib/jvm/java-8-openjdk-amd64/jre/lib/amd64/libmanagement.so
7fa66ebfd000-7fa66ebfe000 r--p 00008000 08:01 23855423                   /usr/lib/jvm/java-8-openjdk-amd64/jre/lib/amd64/libmanagement.so
7fa66ebfe000-7fa66ebff000 rw-p 00009000 08:01 23855423                   /usr/lib/jvm/java-8-openjdk-amd64/jre/lib/amd64/libmanagement.so
7fa66ebff000-7fa66edff000 rw-p 00000000 00:00 0 
7fa66edff000-7fa66ee00000 r--s 00004000 08:01 28836361                   /opt/android-studio/gradle/m2repository/com/intellij/annotations/12.0/annotations-12.0.jar
7fa66ee00000-7fa66ee02000 r--s 0000d000 08:01 28836403                   /opt/android-studio/gradle/m2repository/commons-codec/commons-codec/1.4/commons-codec-1.4.jar
7fa66ee02000-7fa66ee04000 r--s 0000d000 08:01 28835918                   /opt/android-studio/gradle/m2repository/commons-logging/commons-logging/1.1.1/commons-logging-1.1.1.jar
7fa66ee04000-7fa66ee09000 r--s 00028000 08:01 28835974                   /opt/android-studio/gradle/m2repository/org/apache/httpcomponents/httpcore/4.1/httpcore-4.1.jar
7fa66ee09000-7fa66ee11000 r--s 000a8000 08:01 28836206                   /opt/android-studio/gradle/m2repository/com/android/tools/external/lombok/lombok-ast/0.2.3/lombok-ast-0.2.3.jar
7fa66ee11000-7fa66ee13000 r--s 00005000 08:01 28836058                   /opt/android-studio/gradle/m2repository/org/abego/treelayout/org.abego.treelayout.core/1.0.1/org.abego.treelayout.core-1.0.1.jar
7fa66ee13000-7fa66ee14000 r--s 0000a000 08:01 28836399                   /opt/android-studio/gradle/m2repository/net/sf/kxml/kxml2/2.3.0/kxml2-2.3.0.jar
7fa66ee14000-7fa66ee15000 r--s 00005000 08:01 28836250                   /opt/android-studio/gradle/m2repository/com/android/tools/dvlib/24.5.0/dvlib-24.5.0.jar
7fa66ee15000-7fa66ee1c000 r--s 00053000 08:01 28835991                   /opt/android-studio/gradle/m2repository/org/apache/commons/commons-compress/1.8.1/commons-compress-1.8.1.jar
7fa66ee1c000-7fa66ee21000 r--s 0002a000 08:01 28836153                   /opt/android-studio/gradle/m2repository/com/google/code/gson/gson/2.2.4/gson-2.2.4.jar
7fa66ee21000-7fa66ee24000 r--s 00013000 08:01 28836230                   /opt/android-studio/gradle/m2repository/com/android/tools/layoutlib/layoutlib-api/24.5.0/layoutlib-api-24.5.0.jar
7fa66ee24000-7fa66ee26000 r--s 00005000 08:01 28835967                   /opt/android-studio/gradle/m2repository/org/apache/httpcomponents/httpmime/4.1/httpmime-4.1.jar
7fa66ee26000-7fa66ee2e000 r--s 0004e000 08:01 28835983                   /opt/android-studio/gradle/m2repository/org/apache/httpcomponents/httpclient/4.1.1/httpclient-4.1.1.jar
7fa66ee2e000-7fa66ee31000 r--s 0002d000 08:01 28836199                   /opt/android-studio/gradle/m2repository/com/android/tools/lint/lint-api/24.5.0/lint-api-24.5.0.jar
7fa66ee31000-7fa66ee32000 r--s 00004000 08:01 28836069                   /opt/android-studio/gradle/m2repository/org/ow2/asm/asm-analysis/5.0.3/asm-analysis-5.0.3.jar
7fa66ee32000-7fa66ee36000 r--s 00037000 08:01 28836037                   /opt/android-studio/gradle/m2repository/org/antlr/ST4/4.0.8/ST4-4.0.8.jar
7fa66ee36000-7fa66ee37000 r--s 00002000 08:01 28836128                   /opt/android-studio/gradle/m2repository/com/tunnelvisionlabs/antlr4-annotations/4.5/antlr4-annotations-4.5.jar
7fa66ee37000-7fa66ee3e000 r--s 00062000 08:01 28836115                   /opt/android-studio/gradle/m2repository/com/tunnelvisionlabs/antlr4-runtime/4.5/antlr4-runtime-4.5.jar
7fa66ee3e000-7fa66ee4c000 r--s 00081000 08:01 28836018                   /opt/android-studio/gradle/m2repository/org/bouncycastle/bcpkix-jdk15on/1.48/bcpkix-jdk15on-1.48.jar
7fa66ee4c000-7fa66ee4e000 r--s 00005000 08:01 28836344                   /opt/android-studio/gradle/m2repository/com/android/tools/jill/jill-api/0.9.0/jill-api-0.9.0.jar
7fa66ee4e000-7fa66ee52000 r--s 00027000 08:01 28836322                   /opt/android-studio/gradle/m2repository/com/android/tools/build/manifest-merger/24.5.0/manifest-merger-24.5.0.jar
7fa66ee52000-7fa66ee57000 r--s 00047000 08:01 28836269                   /opt/android-studio/gradle/m2repository/com/android/tools/ddms/ddmlib/24.5.0/ddmlib-24.5.0.jar
7fa66ee57000-7fa66ee59000 r--s 00006000 08:01 28836171                   /opt/android-studio/gradle/m2repository/com/android/tools/jack/jack-api/0.9.0/jack-api-0.9.0.jar
7fa66ee59000-7fa66ee5a000 r--s 0000c000 08:01 28836081                   /opt/android-studio/gradle/m2repository/org/ow2/asm/asm/5.0.3/asm-5.0.3.jar
7fa66ee5a000-7fa66ee5b000 r--s 00002000 08:01 28836291                   /opt/android-studio/gradle/m2repository/com/android/tools/build/builder-test-api/1.5.0/builder-test-api-1.5.0.jar
7fa66ee5b000-7fa66ee5e000 r--s 00026000 08:01 28836051                   /opt/android-studio/gradle/m2repository/org/antlr/antlr-runtime/3.5.2/antlr-runtime-3.5.2.jar
7fa66ee5e000-7fa66ee68000 r--s 000ab000 08:01 28836338                   /opt/android-studio/gradle/m2repository/com/android/tools/sdklib/24.5.0/sdklib-24.5.0.jar
7fa66ee68000-7fa66ee6a000 r--s 00002000 08:01 28836142                   /opt/android-studio/gradle/m2repository/com/squareup/javawriter/2.5.0/javawriter-2.5.0.jar
7fa66ee6a000-7fa66ee6c000 r--s 00016000 08:01 28836257                   /opt/android-studio/gradle/m2repository/com/android/tools/common/24.5.0/common-24.5.0.jar
7fa66ee6c000-7fa66ee6e000 r--s 00006000 08:01 28836099                   /opt/android-studio/gradle/m2repository/org/ow2/asm/asm-tree/5.0.3/asm-tree-5.0.3.jar
7fa66ee6e000-7fa66ee70000 r--s 00005000 08:01 28836282                   /opt/android-studio/gradle/m2repository/com/android/tools/build/builder-model/1.5.0/builder-model-1.5.0.jar
7fa66ee70000-7fa66eea3000 r--s 00203000 08:01 28836024                   /opt/android-studio/gradle/m2repository/org/bouncycastle/bcprov-jdk15on/1.48/bcprov-jdk15on-1.48.jar
7fa66eea3000-7fa66eeab000 r--s 00079000 08:01 28836239                   /opt/android-studio/gradle/m2repository/com/android/tools/sdk-common/24.5.0/sdk-common-24.5.0.jar
7fa66eeab000-7fa66eebd000 r--s 00223000 08:01 28835937                   /opt/android-studio/gradle/m2repository/org/eclipse/jdt/core/compiler/ecj/4.4.2/ecj-4.4.2.jar
7fa66eebd000-7fa66eec3000 r--s 000af000 08:01 28836190                   /opt/android-studio/gradle/m2repository/com/android/tools/lint/lint-checks/24.5.0/lint-checks-24.5.0.jar
7fa66eec3000-7fa66eed3000 r--s 000d6000 08:01 28836374                   /opt/android-studio/gradle/m2repository/net/sf/proguard/proguard-base/5.2.1/proguard-base-5.2.1.jar
7fa66eed3000-7fa66eed4000 r--s 00002000 08:01 28836354                   /opt/android-studio/gradle/m2repository/com/android/databinding/baseLibrary/1.0-rc5/baseLibrary-1.0-rc5.jar
7fa66eed4000-7fa66eed8000 r--s 0002a000 08:01 28835925                   /opt/android-studio/gradle/m2repository/commons-io/commons-io/2.4/commons-io-2.4.jar
7fa66eed8000-7fa66eee2000 r--s 00099000 08:01 28836122                   /opt/android-studio/gradle/m2repository/com/tunnelvisionlabs/antlr4/4.5/antlr4-4.5.jar
7fa66eee2000-7fa66eee9000 r--s 0005e000 08:01 28836006                   /opt/android-studio/gradle/m2repository/org/apache/commons/commons-lang3/3.3.2/commons-lang3-3.3.2.jar
7fa66eee9000-7fa66eeec000 r--s 00033000 08:01 28836135                   /opt/android-studio/gradle/m2repository/com/googlecode/juniversalchardet/juniversalchardet/1.0.3/juniversalchardet-1.0.3.jar
7fa66eeec000-7fa66eeed000 r--s 00001000 08:01 28836220                   /opt/android-studio/gradle/m2repository/com/android/tools/annotations/24.5.0/annotations-24.5.0.jar
7fa66eeed000-7fa66ef18000 r--s 001f9000 08:01 28836160                   /opt/android-studio/gradle/m2repository/com/google/guava/guava/17.0/guava-17.0.jar
7fa66ef18000-7fa66ef1d000 r--s 00058000 08:01 28836088                   /opt/android-studio/gradle/m2repository/org/ow2/asm/asm-debug-all/5.0.1/asm-debug-all-5.0.1.jar
7fa66ef1d000-7fa66ef23000 r--s 0005a000 08:01 28836273                   /opt/android-studio/gradle/m2repository/com/android/tools/build/builder/1.5.0/builder-1.5.0.jar
7fa66ef23000-7fa66ef25000 r--s 00022000 08:01 28836181                   /opt/android-studio/gradle/m2repository/com/android/tools/lint/lint/24.5.0/lint-24.5.0.jar
7fa66ef25000-7fa66ef29000 r--s 00026000 08:01 28836349                   /opt/android-studio/gradle/m2repository/com/android/databinding/compilerCommon/1.0-rc5/compilerCommon-1.0-rc5.jar
7fa66ef29000-7fa66ef2b000 r--s 00001000 08:01 28836329                   /opt/android-studio/gradle/m2repository/com/android/tools/build/transform-api/1.5.0/transform-api-1.5.0.jar
7fa66ef2b000-7fa66ef2f000 r--s 0001e000 08:01 28835951                   /opt/android-studio/gradle/m2repository/org/jacoco/org.jacoco.core/0.7.4.201502262128/org.jacoco.core-0.7.4.201502262128.jar
7fa66ef2f000-7fa66ef46000 r--s 0012c000 08:01 28836311                   /opt/android-studio/gradle/m2repository/com/android/tools/build/gradle-core/1.5.0/gradle-core-1.5.0.jar
7fa66ef46000-7fa66f146000 rw-p 00000000 00:00 0 
7fa66f146000-7fa66f346000 rw-p 00000000 00:00 0 
7fa66f346000-7fa66f349000 ---p 00000000 00:00 0 
7fa66f349000-7fa66f647000 rw-p 00000000 00:00 0                          [stack:6902]
7fa66f647000-7fa66f64a000 ---p 00000000 00:00 0 
7fa66f64a000-7fa66f880000 rw-p 00000000 00:00 0                          [stack:6901]
7fa66f880000-7fa66fa80000 rw-p 00000000 00:00 0 
7fa66fa80000-7fa66fc80000 rw-p 00000000 00:00 0 
7fa66fc80000-7fa66fe80000 rw-p 00000000 00:00 0 
7fa66fe80000-7fa66fef8000 r--s 010ee000 08:01 24511613                   /usr/lib/jvm/java-8-openjdk-amd64/lib/tools.jar
7fa66fef8000-7fa66fefb000 ---p 00000000 00:00 0 
7fa66fefb000-7fa66fff9000 rw-p 00000000 00:00 0                          [stack:6899]
7fa66fff9000-7fa670000000 r--s 00000000 08:01 22678269                   /usr/lib/x86_64-linux-gnu/gconv/gconv-modules.cache
7fa670000000-7fa670021000 rw-p 00000000 00:00 0 
7fa670021000-7fa674000000 ---p 00000000 00:00 0 
7fa674000000-7fa674f0a000 rw-p 00000000 00:00 0 
7fa674f0a000-7fa678000000 ---p 00000000 00:00 0 
7fa678000000-7fa678021000 rw-p 00000000 00:00 0 
7fa678021000-7fa67c000000 ---p 00000000 00:00 0 
7fa67c000000-7fa67c021000 rw-p 00000000 00:00 0 
7fa67c021000-7fa680000000 ---p 00000000 00:00 0 
7fa680000000-7fa680021000 rw-p 00000000 00:00 0 
7fa680021000-7fa684000000 ---p 00000000 00:00 0 
7fa684000000-7fa684088000 rw-p 00000000 00:00 0 
7fa684088000-7fa688000000 ---p 00000000 00:00 0 
7fa688000000-7fa68940a000 rw-p 00000000 00:00 0 
7fa68940a000-7fa68c000000 ---p 00000000 00:00 0 
7fa68c000000-7fa68c021000 rw-p 00000000 00:00 0 
7fa68c021000-7fa690000000 ---p 00000000 00:00 0 
7fa690000000-7fa691f34000 rw-p 00000000 00:00 0 
7fa691f34000-7fa694000000 ---p 00000000 00:00 0 
7fa694000000-7fa695d89000 rw-p 00000000 00:00 0 
7fa695d89000-7fa698000000 ---p 00000000 00:00 0 
7fa698000000-7fa698021000 rw-p 00000000 00:00 0 
7fa698021000-7fa69c000000 ---p 00000000 00:00 0 
7fa69c000000-7fa69c021000 rw-p 00000000 00:00 0 
7fa69c021000-7fa6a0000000 ---p 00000000 00:00 0 
7fa6a0000000-7fa6a006b000 rw-p 00000000 00:00 0 
7fa6a006b000-7fa6a4000000 ---p 00000000 00:00 0 
7fa6a4000000-7fa6a4021000 rw-p 00000000 00:00 0 
7fa6a4021000-7fa6a8000000 ---p 00000000 00:00 0 
7fa6a8000000-7fa6a8021000 rw-p 00000000 00:00 0 
7fa6a8021000-7fa6ac000000 ---p 00000000 00:00 0 
7fa6ac000000-7fa6ac021000 rw-p 00000000 00:00 0 
7fa6ac021000-7fa6b0000000 ---p 00000000 00:00 0 
7fa6b0000000-7fa6b0040000 rw-p 00000000 00:00 0 
7fa6b0040000-7fa6b4000000 ---p 00000000 00:00 0 
7fa6b4000000-7fa6b4001000 r--s 00002000 08:01 28836385                   /opt/android-studio/gradle/m2repository/net/sf/proguard/proguard-gradle/5.2.1/proguard-gradle-5.2.1.jar
7fa6b4001000-7fa6b4003000 r--s 0000d000 08:01 28836300                   /opt/android-studio/gradle/m2repository/com/android/tools/build/gradle/1.5.0/gradle-1.5.0.jar
7fa6b4003000-7fa6b4004000 r--p 00000000 00:00 0 
7fa6b4004000-7fa6b4007000 ---p 00000000 00:00 0 
7fa6b4007000-7fa6b4305000 rw-p 00000000 00:00 0                          [stack:6896]
7fa6b4305000-7fa6b4308000 ---p 00000000 00:00 0 
7fa6b4308000-7fa6b4406000 rw-p 00000000 00:00 0                          [stack:6895]
7fa6b4406000-7fa6b4409000 ---p 00000000 00:00 0 
7fa6b4409000-7fa6b4507000 rw-p 00000000 00:00 0                          [stack:6894]
7fa6b4507000-7fa6b450a000 ---p 00000000 00:00 0 
7fa6b450a000-7fa6b4608000 rw-p 00000000 00:00 0                          [stack:6893]
7fa6b4608000-7fa6b460b000 ---p 00000000 00:00 0 
7fa6b460b000-7fa6b4709000 rw-p 00000000 00:00 0                          [stack:6892]
7fa6b4709000-7fa6b470e000 r--s 00094000 08:01 23855461                   /usr/lib/jvm/java-8-openjdk-amd64/jre/lib/jsse.jar
7fa6b470e000-7fa6b4710000 r--s 00005000 08:01 19401280                   /home/ld/.gradle/wrapper/dists/gradle-2.8-all/ah86jmo43de9lfa8xg9ux3c4h/gradle-2.8/lib/plugins/gradle-tooling-api-builders-2.8.jar
7fa6b4710000-7fa6b4720000 r--s 00088000 08:01 19401312                   /home/ld/.gradle/wrapper/dists/gradle-2.8-all/ah86jmo43de9lfa8xg9ux3c4h/gradle-2.8/lib/plugins/joda-time-2.8.2.jar
7fa6b4720000-7fa6b4731000 r--s 000cf000 08:01 19401311                   /home/ld/.gradle/wrapper/dists/gradle-2.8-all/ah86jmo43de9lfa8xg9ux3c4h/gradle-2.8/lib/plugins/jackson-databind-2.3.2.jar
7fa6b4731000-7fa6b4733000 r--s 00007000 08:01 19401310                   /home/ld/.gradle/wrapper/dists/gradle-2.8-all/ah86jmo43de9lfa8xg9ux3c4h/gradle-2.8/lib/plugins/jackson-annotations-2.3.2.jar
7fa6b4733000-7fa6b4736000 r--s 0002e000 08:01 19401309                   /home/ld/.gradle/wrapper/dists/gradle-2.8-all/ah86jmo43de9lfa8xg9ux3c4h/gradle-2.8/lib/plugins/jackson-core-2.3.2.jar
7fa6b4736000-7fa6b4741000 r--s 0006b000 08:01 19401308                   /home/ld/.gradle/wrapper/dists/gradle-2.8-all/ah86jmo43de9lfa8xg9ux3c4h/gradle-2.8/lib/plugins/aws-java-sdk-core-1.9.19.jar
7fa6b4741000-7fa6b4747000 r--s 00036000 08:01 19401307                   /home/ld/.gradle/wrapper/dists/gradle-2.8-all/ah86jmo43de9lfa8xg9ux3c4h/gradle-2.8/lib/plugins/aws-java-sdk-kms-1.9.19.jar
7fa6b4747000-7fa6b4752000 r--s 00079000 08:01 19401306                   /home/ld/.gradle/wrapper/dists/gradle-2.8-all/ah86jmo43de9lfa8xg9ux3c4h/gradle-2.8/lib/plugins/aws-java-sdk-s3-1.9.19.jar
7fa6b4752000-7fa6b4753000 r--s 00003000 08:01 19401279                   /home/ld/.gradle/wrapper/dists/gradle-2.8-all/ah86jmo43de9lfa8xg9ux3c4h/gradle-2.8/lib/plugins/gradle-resources-s3-2.8.jar
7fa6b4753000-7fa6b4754000 r--s 00004000 08:01 19401278                   /home/ld/.gradle/wrapper/dists/gradle-2.8-all/ah86jmo43de9lfa8xg9ux3c4h/gradle-2.8/lib/plugins/gradle-resources-sftp-2.8.jar
7fa6b4754000-7fa6b4755000 r--s 00001000 08:01 19401275                   /home/ld/.gradle/wrapper/dists/gradle-2.8-all/ah86jmo43de9lfa8xg9ux3c4h/gradle-2.8/lib/plugins/gradle-plugin-development-2.8.jar
7fa6b4755000-7fa6b4757000 r--s 00005000 08:01 19401274                   /home/ld/.gradle/wrapper/dists/gradle-2.8-all/ah86jmo43de9lfa8xg9ux3c4h/gradle-2.8/lib/plugins/gradle-testing-native-2.8.jar
7fa6b4757000-7fa6b475c000 r--s 0002b000 08:01 19401273                   /home/ld/.gradle/wrapper/dists/gradle-2.8-all/ah86jmo43de9lfa8xg9ux3c4h/gradle-2.8/lib/plugins/gradle-ide-native-2.8.jar
7fa6b475c000-7fa6b4762000 r--s 00019000 08:01 19401272                   /home/ld/.gradle/wrapper/dists/gradle-2.8-all/ah86jmo43de9lfa8xg9ux3c4h/gradle-2.8/lib/plugins/gradle-language-native-2.8.jar
7fa6b4762000-7fa6b4767000 r--s 00028000 08:01 19401271                   /home/ld/.gradle/wrapper/dists/gradle-2.8-all/ah86jmo43de9lfa8xg9ux3c4h/gradle-2.8/lib/plugins/gradle-platform-play-2.8.jar
7fa6b4767000-7fa6b4774000 r--s 0004f000 08:01 19401270                   /home/ld/.gradle/wrapper/dists/gradle-2.8-all/ah86jmo43de9lfa8xg9ux3c4h/gradle-2.8/lib/plugins/gradle-platform-native-2.8.jar
7fa6b4774000-7fa6b4777000 r--s 00008000 08:01 19401269                   /home/ld/.gradle/wrapper/dists/gradle-2.8-all/ah86jmo43de9lfa8xg9ux3c4h/gradle-2.8/lib/plugins/gradle-language-scala-2.8.jar
7fa6b4777000-7fa6b477a000 r--s 00009000 08:01 19401268                   /home/ld/.gradle/wrapper/dists/gradle-2.8-all/ah86jmo43de9lfa8xg9ux3c4h/gradle-2.8/lib/plugins/gradle-language-groovy-2.8.jar
7fa6b477a000-7fa6b4780000 r--s 00023000 08:01 19401267                   /home/ld/.gradle/wrapper/dists/gradle-2.8-all/ah86jmo43de9lfa8xg9ux3c4h/gradle-2.8/lib/plugins/gradle-language-java-2.8.jar
7fa6b4780000-7fa6b4782000 r--s 00008000 08:01 19401266                   /home/ld/.gradle/wrapper/dists/gradle-2.8-all/ah86jmo43de9lfa8xg9ux3c4h/gradle-2.8/lib/plugins/gradle-language-jvm-2.8.jar
7fa6b4782000-7fa6b4785000 r--s 0000d000 08:01 19401265                   /home/ld/.gradle/wrapper/dists/gradle-2.8-all/ah86jmo43de9lfa8xg9ux3c4h/gradle-2.8/lib/plugins/gradle-platform-jvm-2.8.jar
7fa6b4785000-7fa6b478d000 r--s 0002c000 08:01 19401264                   /home/ld/.gradle/wrapper/dists/gradle-2.8-all/ah86jmo43de9lfa8xg9ux3c4h/gradle-2.8/lib/plugins/gradle-platform-base-2.8.jar
7fa6b478d000-7fa6b4791000 r--s 00020000 08:01 19401263                   /home/ld/.gradle/wrapper/dists/gradle-2.8-all/ah86jmo43de9lfa8xg9ux3c4h/gradle-2.8/lib/plugins/gradle-build-init-2.8.jar
7fa6b4791000-7fa6b4794000 r--s 00017000 08:01 19401262                   /home/ld/.gradle/wrapper/dists/gradle-2.8-all/ah86jmo43de9lfa8xg9ux3c4h/gradle-2.8/lib/plugins/gradle-jacoco-2.8.jar
7fa6b4794000-7fa6b4797000 r--s 0000e000 08:01 19401261                   /home/ld/.gradle/wrapper/dists/gradle-2.8-all/ah86jmo43de9lfa8xg9ux3c4h/gradle-2.8/lib/plugins/gradle-ivy-2.8.jar
7fa6b4797000-7fa6b4799000 r--s 00002000 08:01 19401260                   /home/ld/.gradle/wrapper/dists/gradle-2.8-all/ah86jmo43de9lfa8xg9ux3c4h/gradle-2.8/lib/plugins/gradle-publish-2.8.jar
7fa6b4799000-7fa6b479b000 r--s 00005000 08:01 19401302                   /home/ld/.gradle/wrapper/dists/gradle-2.8-all/ah86jmo43de9lfa8xg9ux3c4h/gradle-2.8/lib/plugins/jatl-0.2.2.jar
7fa6b479b000-7fa6b479d000 r--s 0000f000 08:01 19401259                   /home/ld/.gradle/wrapper/dists/gradle-2.8-all/ah86jmo43de9lfa8xg9ux3c4h/gradle-2.8/lib/plugins/gradle-reporting-2.8.jar
7fa6b479d000-7fa6b47a2000 r--s 00035000 08:01 19401258                   /home/ld/.gradle/wrapper/dists/gradle-2.8-all/ah86jmo43de9lfa8xg9ux3c4h/gradle-2.8/lib/plugins/gradle-diagnostics-2.8.jar
7fa6b47a2000-7fa6b47a9000 r--s 0008f000 08:01 19401257                   /home/ld/.gradle/wrapper/dists/gradle-2.8-all/ah86jmo43de9lfa8xg9ux3c4h/gradle-2.8/lib/plugins/gradle-build-comparison-2.8.jar
7fa6b47a9000-7fa6b47b0000 r--s 00035000 08:01 19401301                   /home/ld/.gradle/wrapper/dists/gradle-2.8-all/ah86jmo43de9lfa8xg9ux3c4h/gradle-2.8/lib/plugins/simple-4.1.21.jar
7fa6b47b0000-7fa6b47bc000 r--s 00100000 08:01 19401299                   /home/ld/.gradle/wrapper/dists/gradle-2.8-all/ah86jmo43de9lfa8xg9ux3c4h/gradle-2.8/lib/plugins/rhino-1.7R3.jar
7fa6b47bc000-7fa6b47c0000 r--s 0001c000 08:01 19401256                   /home/ld/.gradle/wrapper/dists/gradle-2.8-all/ah86jmo43de9lfa8xg9ux3c4h/gradle-2.8/lib/plugins/gradle-javascript-2.8.jar
7fa6b47c0000-7fa6b47c2000 r--s 0000b000 08:01 19401255                   /home/ld/.gradle/wrapper/dists/gradle-2.8-all/ah86jmo43de9lfa8xg9ux3c4h/gradle-2.8/lib/plugins/gradle-ear-2.8.jar
7fa6b47c2000-7fa6b47c9000 r--s 00038000 08:01 19401298                   /home/ld/.gradle/wrapper/dists/gradle-2.8-all/ah86jmo43de9lfa8xg9ux3c4h/gradle-2.8/lib/plugins/bcpg-jdk15on-1.51.jar
7fa6b47c9000-7fa6b47cb000 r--s 00017000 08:01 19401254                   /home/ld/.gradle/wrapper/dists/gradle-2.8-all/ah86jmo43de9lfa8xg9ux3c4h/gradle-2.8/lib/plugins/gradle-signing-2.8.jar
7fa6b47cb000-7fa6b47cc000 r--s 00002000 08:01 19401297                   /home/ld/.gradle/wrapper/dists/gradle-2.8-all/ah86jmo43de9lfa8xg9ux3c4h/gradle-2.8/lib/plugins/sonar-batch-bootstrapper-2.9.jar
7fa6b47cc000-7fa6b47cf000 r--s 00015000 08:01 19401253                   /home/ld/.gradle/wrapper/dists/gradle-2.8-all/ah86jmo43de9lfa8xg9ux3c4h/gradle-2.8/lib/plugins/gradle-sonar-2.8.jar
7fa6b47cf000-7fa6b47d2000 r--s 00010000 08:01 19401252                   /home/ld/.gradle/wrapper/dists/gradle-2.8-all/ah86jmo43de9lfa8xg9ux3c4h/gradle-2.8/lib/plugins/gradle-scala-2.8.jar
7fa6b47d2000-7fa6b47d4000 r--s 0000a000 08:01 19401251                   /home/ld/.gradle/wrapper/dists/gradle-2.8-all/ah86jmo43de9lfa8xg9ux3c4h/gradle-2.8/lib/plugins/gradle-announce-2.8.jar
7fa6b47d4000-7fa6b47e2000 r--s 0009f000 08:01 19401250                   /home/ld/.gradle/wrapper/dists/gradle-2.8-all/ah86jmo43de9lfa8xg9ux3c4h/gradle-2.8/lib/plugins/gradle-ide-2.8.jar
7fa6b47e2000-7fa6b47e5000 r--s 0000c000 08:01 19401296                   /home/ld/.gradle/wrapper/dists/gradle-2.8-all/ah86jmo43de9lfa8xg9ux3c4h/gradle-2.8/lib/plugins/pmaven-groovy-0.8-20100325.jar
7fa6b47e5000-7fa6b47e6000 r--s 00004000 08:01 19401295                   /home/ld/.gradle/wrapper/dists/gradle-2.8-all/ah86jmo43de9lfa8xg9ux3c4h/gradle-2.8/lib/plugins/pmaven-common-0.8-20100325.jar
7fa6b47e6000-7fa6b47ec000 r--s 00022000 08:01 19401249                   /home/ld/.gradle/wrapper/dists/gradle-2.8-all/ah86jmo43de9lfa8xg9ux3c4h/gradle-2.8/lib/plugins/gradle-maven-2.8.jar
7fa6b47ec000-7fa6b480d000 r--s 001c3000 08:01 19401293                   /home/ld/.gradle/wrapper/dists/gradle-2.8-all/ah86jmo43de9lfa8xg9ux3c4h/gradle-2.8/lib/plugins/bndlib-2.4.0.jar
7fa6b480d000-7fa6b480f000 r--s 00004000 08:01 19401248                   /home/ld/.gradle/wrapper/dists/gradle-2.8-all/ah86jmo43de9lfa8xg9ux3c4h/gradle-2.8/lib/plugins/gradle-osgi-2.8.jar
7fa6b480f000-7fa6b4811000 r--s 00008000 08:01 19401247                   /home/ld/.gradle/wrapper/dists/gradle-2.8-all/ah86jmo43de9lfa8xg9ux3c4h/gradle-2.8/lib/plugins/gradle-antlr-2.8.jar
7fa6b4811000-7fa6b4814000 r--s 0001e000 08:01 19401321                   /home/ld/.gradle/wrapper/dists/gradle-2.8-all/ah86jmo43de9lfa8xg9ux3c4h/gradle-2.8/lib/plugins/jsp-api-2.1-6.1.14.jar
7fa6b4814000-7fa6b4837000 r--s 00344000 08:01 19401320                   /home/ld/.gradle/wrapper/dists/gradle-2.8-all/ah86jmo43de9lfa8xg9ux3c4h/gradle-2.8/lib/plugins/core-3.1.1.jar
7fa6b4837000-7fa6b4838000 r--s 00006000 08:01 19401319                   /home/ld/.gradle/wrapper/dists/gradle-2.8-all/ah86jmo43de9lfa8xg9ux3c4h/gradle-2.8/lib/plugins/jetty-naming-6.1.25.jar
7fa6b4838000-7fa6b4839000 r--s 00002000 08:01 19401292                   /home/ld/.gradle/wrapper/dists/gradle-2.8-all/ah86jmo43de9lfa8xg9ux3c4h/gradle-2.8/lib/plugins/geronimo-annotation_1.0_spec-1.0.jar
7fa6b4839000-7fa6b483b000 r--s 00002000 08:01 19401291                   /home/ld/.gradle/wrapper/dists/gradle-2.8-all/ah86jmo43de9lfa8xg9ux3c4h/gradle-2.8/lib/plugins/jetty-annotations-6.1.25.jar
7fa6b483b000-7fa6b484c000 r--s 000ea000 08:01 19401290                   /home/ld/.gradle/wrapper/dists/gradle-2.8-all/ah86jmo43de9lfa8xg9ux3c4h/gradle-2.8/lib/plugins/jsp-2.1-6.1.14.jar
7fa6b484c000-7fa6b484e000 r--s 0000d000 08:01 19401289                   /home/ld/.gradle/wrapper/dists/gradle-2.8-all/ah86jmo43de9lfa8xg9ux3c4h/gradle-2.8/lib/plugins/jetty-plus-6.1.25.jar
7fa6b484e000-7fa6b4850000 r--s 0001f000 08:01 19401288                   /home/ld/.gradle/wrapper/dists/gradle-2.8-all/ah86jmo43de9lfa8xg9ux3c4h/gradle-2.8/lib/plugins/servlet-api-2.5-20081211.jar
7fa6b4850000-7fa6b4854000 r--s 00028000 08:01 19401287                   /home/ld/.gradle/wrapper/dists/gradle-2.8-all/ah86jmo43de9lfa8xg9ux3c4h/gradle-2.8/lib/plugins/jetty-util-6.1.25.jar
7fa6b4854000-7fa6b485b000 r--s 0007d000 08:01 19401286                   /home/ld/.gradle/wrapper/dists/gradle-2.8-all/ah86jmo43de9lfa8xg9ux3c4h/gradle-2.8/lib/plugins/jetty-6.1.25.jar
7fa6b485b000-7fa6b485d000 r--s 00009000 08:01 19401246                   /home/ld/.gradle/wrapper/dists/gradle-2.8-all/ah86jmo43de9lfa8xg9ux3c4h/gradle-2.8/lib/plugins/gradle-jetty-2.8.jar
7fa6b485d000-7fa6b4863000 r--s 00036000 08:01 19401245                   /home/ld/.gradle/wrapper/dists/gradle-2.8-all/ah86jmo43de9lfa8xg9ux3c4h/gradle-2.8/lib/plugins/gradle-code-quality-2.8.jar
7fa6b4863000-7fa6b4865000 r--s 00009000 08:01 19401351                   /home/ld/.gradle/wrapper/dists/gradle-2.8-all/ah86jmo43de9lfa8xg9ux3c4h/gradle-2.8/lib/plugins/hamcrest-core-1.3.jar
7fa6b4865000-7fa6b486b000 r--s 00033000 08:01 19401318                   /home/ld/.gradle/wrapper/dists/gradle-2.8-all/ah86jmo43de9lfa8xg9ux3c4h/gradle-2.8/lib/plugins/snakeyaml-1.6.jar
7fa6b486b000-7fa6b486d000 r--s 00006000 08:01 19401317                   /home/ld/.gradle/wrapper/dists/gradle-2.8-all/ah86jmo43de9lfa8xg9ux3c4h/gradle-2.8/lib/plugins/jcommander-1.12.jar
7fa6b486d000-7fa6b4872000 r--s 00040000 08:01 19401316                   /home/ld/.gradle/wrapper/dists/gradle-2.8-all/ah86jmo43de9lfa8xg9ux3c4h/gradle-2.8/lib/plugins/bsh-2.0b4.jar
7fa6b4872000-7fa6b4874000 r--s 00009000 08:01 19401285                   /home/ld/.gradle/wrapper/dists/gradle-2.8-all/ah86jmo43de9lfa8xg9ux3c4h/gradle-2.8/lib/plugins/commons-cli-1.2.jar
7fa6b4874000-7fa6b487d000 r--s 00089000 08:01 19401284                   /home/ld/.gradle/wrapper/dists/gradle-2.8-all/ah86jmo43de9lfa8xg9ux3c4h/gradle-2.8/lib/plugins/testng-6.3.1.jar
7fa6b487d000-7fa6b4885000 r--s 00045000 08:01 19401283                   /home/ld/.gradle/wrapper/dists/gradle-2.8-all/ah86jmo43de9lfa8xg9ux3c4h/gradle-2.8/lib/plugins/junit-4.12.jar
7fa6b4885000-7fa6b4891000 r--s 00073000 08:01 19401244                   /home/ld/.gradle/wrapper/dists/gradle-2.8-all/ah86jmo43de9lfa8xg9ux3c4h/gradle-2.8/lib/plugins/gradle-plugins-2.8.jar
7fa6b4891000-7fa6b48a9000 r--s 00115000 08:01 19401349                   /home/ld/.gradle/wrapper/dists/gradle-2.8-all/ah86jmo43de9lfa8xg9ux3c4h/gradle-2.8/lib/plugins/xercesImpl-2.9.1.jar
7fa6b48a9000-7fa6b48b1000 r--s 00028000 08:01 19401350                   /home/ld/.gradle/wrapper/dists/gradle-2.8-all/ah86jmo43de9lfa8xg9ux3c4h/gradle-2.8/lib/plugins/xml-apis-1.3.04.jar
7fa6b48b1000-7fa6b48b7000 r--s 0005b000 08:01 19401348                   /home/ld/.gradle/wrapper/dists/gradle-2.8-all/ah86jmo43de9lfa8xg9ux3c4h/gradle-2.8/lib/plugins/jcifs-1.3.17.jar
7fa6b48b7000-7fa6b48bd000 r--s 00031000 08:01 19401347                   /home/ld/.gradle/wrapper/dists/gradle-2.8-all/ah86jmo43de9lfa8xg9ux3c4h/gradle-2.8/lib/plugins/httpcore-4.2.2.jar
7fa6b48bd000-7fa6b48c3000 r--s 00033000 08:01 19401346                   /home/ld/.gradle/wrapper/dists/gradle-2.8-all/ah86jmo43de9lfa8xg9ux3c4h/gradle-2.8/lib/plugins/commons-codec-1.6.jar
7fa6b48c3000-7fa6b48c6000 r--s 0001c000 08:01 19401304                   /home/ld/.gradle/wrapper/dists/gradle-2.8-all/ah86jmo43de9lfa8xg9ux3c4h/gradle-2.8/lib/plugins/nekohtml-1.9.14.jar
7fa6b48c6000-7fa6b48cf000 r--s 00060000 08:01 19401303                   /home/ld/.gradle/wrapper/dists/gradle-2.8-all/ah86jmo43de9lfa8xg9ux3c4h/gradle-2.8/lib/plugins/httpclient-4.2.2.jar
7fa6b48cf000-7fa6b48d1000 r--s 00009000 08:01 19401277                   /home/ld/.gradle/wrapper/dists/gradle-2.8-all/ah86jmo43de9lfa8xg9ux3c4h/gradle-2.8/lib/plugins/gradle-resources-http-2.8.jar
7fa6b48d1000-7fa6b48d4000 r--s 00011000 08:01 19401276                   /home/ld/.gradle/wrapper/dists/gradle-2.8-all/ah86jmo43de9lfa8xg9ux3c4h/gradle-2.8/lib/plugins/gradle-plugin-use-2.8.jar
7fa6b48d4000-7fa6b48d5000 r--s 00007000 08:01 19401345                   /home/ld/.gradle/wrapper/dists/gradle-2.8-all/ah86jmo43de9lfa8xg9ux3c4h/gradle-2.8/lib/plugins/wagon-http-shared4-2.4.jar
7fa6b48d5000-7fa6b48d9000 r--s 00033000 08:01 19401344                   /home/ld/.gradle/wrapper/dists/gradle-2.8-all/ah86jmo43de9lfa8xg9ux3c4h/gradle-2.8/lib/plugins/plexus-utils-2.0.6.jar
7fa6b48d9000-7fa6b48dd000 r--s 00021000 08:01 19401343                   /home/ld/.gradle/wrapper/dists/gradle-2.8-all/ah86jmo43de9lfa8xg9ux3c4h/gradle-2.8/lib/plugins/maven-model-builder-3.0.4.jar
7fa6b48dd000-7fa6b48de000 r--s 00002000 08:01 19401342                   /home/ld/.gradle/wrapper/dists/gradle-2.8-all/ah86jmo43de9lfa8xg9ux3c4h/gradle-2.8/lib/plugins/wagon-file-2.4.jar
7fa6b48de000-7fa6b48e0000 r--s 00002000 08:01 19401341                   /home/ld/.gradle/wrapper/dists/gradle-2.8-all/ah86jmo43de9lfa8xg9ux3c4h/gradle-2.8/lib/plugins/plexus-cipher-1.7.jar
7fa6b48e0000-7fa6b48e3000 r--s 00013000 08:01 19401340                   /home/ld/.gradle/wrapper/dists/gradle-2.8-all/ah86jmo43de9lfa8xg9ux3c4h/gradle-2.8/lib/plugins/aether-api-1.13.1.jar
7fa6b48e3000-7fa6b48e5000 r--s 0000a000 08:01 19401339                   /home/ld/.gradle/wrapper/dists/gradle-2.8-all/ah86jmo43de9lfa8xg9ux3c4h/gradle-2.8/lib/plugins/maven-settings-3.0.4.jar
7fa6b48e5000-7fa6b48e7000 r--s 0000d000 08:01 19401338                   /home/ld/.gradle/wrapper/dists/gradle-2.8-all/ah86jmo43de9lfa8xg9ux3c4h/gradle-2.8/lib/plugins/plexus-interpolation-1.14.jar
7fa6b48e7000-7fa6b48e9000 r--s 0000b000 08:01 19401337                   /home/ld/.gradle/wrapper/dists/gradle-2.8-all/ah86jmo43de9lfa8xg9ux3c4h/gradle-2.8/lib/plugins/maven-artifact-3.0.4.jar
7fa6b48e9000-7fa6b48f0000 r--s 0002e000 08:01 19401336                   /home/ld/.gradle/wrapper/dists/gradle-2.8-all/ah86jmo43de9lfa8xg9ux3c4h/gradle-2.8/lib/plugins/plexus-container-default-1.5.5.jar
7fa6b48f0000-7fa6b48f2000 r--s 0000b000 08:01 19401335                   /home/ld/.gradle/wrapper/dists/gradle-2.8-all/ah86jmo43de9lfa8xg9ux3c4h/gradle-2.8/lib/plugins/maven-plugin-api-3.0.4.jar
7fa6b48f2000-7fa6b48f4000 r--s 00000000 08:01 19401352                   /home/ld/.gradle/wrapper/dists/gradle-2.8-all/ah86jmo43de9lfa8xg9ux3c4h/gradle-2.8/lib/plugins/plexus-component-annotations-1.5.5.jar
7fa6b48f4000-7fa6b48fa000 r--s 0003f000 08:01 19401334                   /home/ld/.gradle/wrapper/dists/gradle-2.8-all/ah86jmo43de9lfa8xg9ux3c4h/gradle-2.8/lib/plugins/maven-compat-3.0.4.jar
7fa6b48fa000-7fa6b48fd000 r--s 00008000 08:01 19401333                   /home/ld/.gradle/wrapper/dists/gradle-2.8-all/ah86jmo43de9lfa8xg9ux3c4h/gradle-2.8/lib/plugins/maven-settings-builder-3.0.4.jar
7fa6b48fd000-7fa6b48fe000 r--s 00002000 08:01 19401332                   /home/ld/.gradle/wrapper/dists/gradle-2.8-all/ah86jmo43de9lfa8xg9ux3c4h/gradle-2.8/lib/plugins/wagon-http-2.4.jar
7fa6b48fe000-7fa6b4900000 r--s 00026000 08:01 19401331                   /home/ld/.gradle/wrapper/dists/gradle-2.8-all/ah86jmo43de9lfa8xg9ux3c4h/gradle-2.8/lib/plugins/maven-model-3.0.4.jar
7fa6b4900000-7fa6b4902000 r--s 00006000 08:01 19401330                   /home/ld/.gradle/wrapper/dists/gradle-2.8-all/ah86jmo43de9lfa8xg9ux3c4h/gradle-2.8/lib/plugins/aether-connector-wagon-1.13.1.jar
7fa6b4902000-7fa6b4904000 r--s 0000a000 08:01 19401329                   /home/ld/.gradle/wrapper/dists/gradle-2.8-all/ah86jmo43de9lfa8xg9ux3c4h/gradle-2.8/lib/plugins/plexus-classworlds-2.4.jar
7fa6b4904000-7fa6b4906000 r--s 00006000 08:01 19401328                   /home/ld/.gradle/wrapper/dists/gradle-2.8-all/ah86jmo43de9lfa8xg9ux3c4h/gradle-2.8/lib/plugins/maven-repository-metadata-3.0.4.jar
7fa6b4906000-7fa6b4908000 r--s 0000c000 08:01 19401327                   /home/ld/.gradle/wrapper/dists/gradle-2.8-all/ah86jmo43de9lfa8xg9ux3c4h/gradle-2.8/lib/plugins/maven-aether-provider-3.0.4.jar
7fa6b4908000-7fa6b490a000 r--s 0000b000 08:01 19401326                   /home/ld/.gradle/wrapper/dists/gradle-2.8-all/ah86jmo43de9lfa8xg9ux3c4h/gradle-2.8/lib/plugins/wagon-provider-api-2.4.jar
7fa6b490a000-7fa6b490b000 r--s 00003000 08:01 19401325                   /home/ld/.gradle/wrapper/dists/gradle-2.8-all/ah86jmo43de9lfa8xg9ux3c4h/gradle-2.8/lib/plugins/aether-spi-1.13.1.jar
7fa6b490b000-7fa6b490f000 r--s 0001c000 08:01 19401324                   /home/ld/.gradle/wrapper/dists/gradle-2.8-all/ah86jmo43de9lfa8xg9ux3c4h/gradle-2.8/lib/plugins/aether-util-1.13.1.jar
7fa6b490f000-7fa6b4912000 r--s 0001d000 08:01 19401323                   /home/ld/.gradle/wrapper/dists/gradle-2.8-all/ah86jmo43de9lfa8xg9ux3c4h/gradle-2.8/lib/plugins/aether-impl-1.13.1.jar
7fa6b4912000-7fa6b4913000 r--s 00006000 08:01 19401322                   /home/ld/.gradle/wrapper/dists/gradle-2.8-all/ah86jmo43de9lfa8xg9ux3c4h/gradle-2.8/lib/plugins/plexus-sec-dispatcher-1.3.jar
7fa6b4913000-7fa6b4917000 r--s 0003d000 08:01 19401305                   /home/ld/.gradle/wrapper/dists/gradle-2.8-all/ah86jmo43de9lfa8xg9ux3c4h/gradle-2.8/lib/plugins/jsch-0.1.51.jar
7fa6b4917000-7fa6b4957000 r--s 00277000 08:01 19401315                   /home/ld/.gradle/wrapper/dists/gradle-2.8-all/ah86jmo43de9lfa8xg9ux3c4h/gradle-2.8/lib/plugins/bcprov-jdk15on-1.51.jar
7fa6b4957000-7fa6b495b000 r--s 0001d000 08:01 19401314                   /home/ld/.gradle/wrapper/dists/gradle-2.8-all/ah86jmo43de9lfa8xg9ux3c4h/gradle-2.8/lib/plugins/xbean-reflect-3.4.jar
7fa6b495b000-7fa6b4967000 r--s 0007d000 08:01 19401294                   /home/ld/.gradle/wrapper/dists/gradle-2.8-all/ah86jmo43de9lfa8xg9ux3c4h/gradle-2.8/lib/plugins/maven-core-3.0.4.jar
7fa6b4967000-7fa6b496c000 r--s 0002a000 08:01 19401300                   /home/ld/.gradle/wrapper/dists/gradle-2.8-all/ah86jmo43de9lfa8xg9ux3c4h/gradle-2.8/lib/plugins/gson-2.2.4.jar
7fa6b496c000-7fa6b497b000 r--s 000d9000 08:01 19401313                   /home/ld/.gradle/wrapper/dists/gradle-2.8-all/ah86jmo43de9lfa8xg9ux3c4h/gradle-2.8/lib/plugins/ivy-2.2.0.jar
7fa6b497b000-7fa6b4997000 r--s 000ca000 08:01 19401281                   /home/ld/.gradle/wrapper/dists/gradle-2.8-all/ah86jmo43de9lfa8xg9ux3c4h/gradle-2.8/lib/plugins/gradle-dependency-management-2.8.jar
7fa6b4997000-7fa6b499b000 r-xp 00000000 08:01 17177134                   /home/ld/.gradle/native/19/linux-amd64/libnative-platform.so
7fa6b499b000-7fa6b4b9a000 ---p 00004000 08:01 17177134                   /home/ld/.gradle/native/19/linux-amd64/libnative-platform.so
7fa6b4b9a000-7fa6b4b9b000 rw-p 00003000 08:01 17177134                   /home/ld/.gradle/native/19/linux-amd64/libnative-platform.so
7fa6b4b9b000-7fa6b4bac000 r-xp 00000000 08:01 23855451                   /usr/lib/jvm/java-8-openjdk-amd64/jre/lib/amd64/libnio.so
7fa6b4bac000-7fa6b4dab000 ---p 00011000 08:01 23855451                   /usr/lib/jvm/java-8-openjdk-amd64/jre/lib/amd64/libnio.so
7fa6b4dab000-7fa6b4dac000 r--p 00010000 08:01 23855451                   /usr/lib/jvm/java-8-openjdk-amd64/jre/lib/amd64/libnio.so
7fa6b4dac000-7fa6b4dad000 rw-p 00011000 08:01 23855451                   /usr/lib/jvm/java-8-openjdk-amd64/jre/lib/amd64/libnio.so
7fa6b4dad000-7fa6b50ae000 rw-p 00000000 00:00 0 
7fa6b50ae000-7fa6b50c5000 r-xp 00000000 08:01 23855432                   /usr/lib/jvm/java-8-openjdk-amd64/jre/lib/amd64/libnet.so
7fa6b50c5000-7fa6b52c4000 ---p 00017000 08:01 23855432                   /usr/lib/jvm/java-8-openjdk-amd64/jre/lib/amd64/libnet.so
7fa6b52c4000-7fa6b52c5000 r--p 00016000 08:01 23855432                   /usr/lib/jvm/java-8-openjdk-amd64/jre/lib/amd64/libnet.so
7fa6b52c5000-7fa6b52c6000 rw-p 00017000 08:01 23855432                   /usr/lib/jvm/java-8-openjdk-amd64/jre/lib/amd64/libnet.so
7fa6b52c6000-7fa6b52c7000 r--s 00006000 08:01 19401197                   /home/ld/.gradle/wrapper/dists/gradle-2.8-all/ah86jmo43de9lfa8xg9ux3c4h/gradle-2.8/lib/gradle-wrapper-2.8.jar
7fa6b52c7000-7fa6b52d2000 r--s 0003a000 08:01 19401202                   /home/ld/.gradle/wrapper/dists/gradle-2.8-all/ah86jmo43de9lfa8xg9ux3c4h/gradle-2.8/lib/gradle-tooling-api-2.8.jar
7fa6b52d2000-7fa6b52d4000 r--s 00002000 08:01 19401224                   /home/ld/.gradle/wrapper/dists/gradle-2.8-all/ah86jmo43de9lfa8xg9ux3c4h/gradle-2.8/lib/gradle-open-api-2.8.jar
7fa6b52d4000-7fa6b52da000 r--s 00032000 08:01 19401226                   /home/ld/.gradle/wrapper/dists/gradle-2.8-all/ah86jmo43de9lfa8xg9ux3c4h/gradle-2.8/lib/jaxen-1.1.jar
7fa6b52da000-7fa6b52df000 r--s 00048000 08:01 19401225                   /home/ld/.gradle/wrapper/dists/gradle-2.8-all/ah86jmo43de9lfa8xg9ux3c4h/gradle-2.8/lib/dom4j-1.6.1.jar
7fa6b52df000-7fa6b52ea000 r--s 00059000 08:01 19401201                   /home/ld/.gradle/wrapper/dists/gradle-2.8-all/ah86jmo43de9lfa8xg9ux3c4h/gradle-2.8/lib/gradle-ui-2.8.jar
7fa6b52ea000-7fa6b52ed000 r--s 00008000 08:01 19401220                   /home/ld/.gradle/wrapper/dists/gradle-2.8-all/ah86jmo43de9lfa8xg9ux3c4h/gradle-2.8/lib/gradle-resources-2.8.jar
7fa6b52ed000-7fa6b52ef000 r--s 00007000 08:01 19401242                   /home/ld/.gradle/wrapper/dists/gradle-2.8-all/ah86jmo43de9lfa8xg9ux3c4h/gradle-2.8/lib/objenesis-1.2.jar
7fa6b52ef000-7fa6b52f1000 r--s 00000000 08:01 19401241                   /home/ld/.gradle/wrapper/dists/gradle-2.8-all/ah86jmo43de9lfa8xg9ux3c4h/gradle-2.8/lib/minlog-1.2.jar
7fa6b52f1000-7fa6b52f3000 r--s 0000f000 08:01 19401240                   /home/ld/.gradle/wrapper/dists/gradle-2.8-all/ah86jmo43de9lfa8xg9ux3c4h/gradle-2.8/lib/reflectasm-1.07-shaded.jar
7fa6b52f3000-7fa6b52f7000 r--s 00026000 08:01 19401231                   /home/ld/.gradle/wrapper/dists/gradle-2.8-all/ah86jmo43de9lfa8xg9ux3c4h/gradle-2.8/lib/kryo-2.20.jar
7fa6b52f7000-7fa6b5300000 r--s 0003f000 08:01 19401219                   /home/ld/.gradle/wrapper/dists/gradle-2.8-all/ah86jmo43de9lfa8xg9ux3c4h/gradle-2.8/lib/gradle-messaging-2.8.jar
7fa6b5300000-7fa6b5301000 r--s 00003000 08:01 19401239                   /home/ld/.gradle/wrapper/dists/gradle-2.8-all/ah86jmo43de9lfa8xg9ux3c4h/gradle-2.8/lib/native-platform-freebsd-amd64-0.10.jar
7fa6b5301000-7fa6b5302000 r--s 00003000 08:01 19401238                   /home/ld/.gradle/wrapper/dists/gradle-2.8-all/ah86jmo43de9lfa8xg9ux3c4h/gradle-2.8/lib/native-platform-freebsd-i386-0.10.jar
7fa6b5302000-7fa6b5303000 r--s 00005000 08:01 19401237                   /home/ld/.gradle/wrapper/dists/gradle-2.8-all/ah86jmo43de9lfa8xg9ux3c4h/gradle-2.8/lib/native-platform-windows-i386-0.10.jar
7fa6b5303000-7fa6b5304000 r--s 00005000 08:01 19401236                   /home/ld/.gradle/wrapper/dists/gradle-2.8-all/ah86jmo43de9lfa8xg9ux3c4h/gradle-2.8/lib/native-platform-windows-amd64-0.10.jar
7fa6b5304000-7fa6b5305000 r--s 00003000 08:01 19401235                   /home/ld/.gradle/wrapper/dists/gradle-2.8-all/ah86jmo43de9lfa8xg9ux3c4h/gradle-2.8/lib/native-platform-linux-i386-0.10.jar
7fa6b5305000-7fa6b5306000 r--s 00003000 08:01 19401234                   /home/ld/.gradle/wrapper/dists/gradle-2.8-all/ah86jmo43de9lfa8xg9ux3c4h/gradle-2.8/lib/native-platform-linux-amd64-0.10.jar
7fa6b5306000-7fa6b5307000 r--s 00002000 08:01 19401233                   /home/ld/.gradle/wrapper/dists/gradle-2.8-all/ah86jmo43de9lfa8xg9ux3c4h/gradle-2.8/lib/native-platform-osx-amd64-0.10.jar
7fa6b5307000-7fa6b5309000 r--s 00008000 08:01 19401229                   /home/ld/.gradle/wrapper/dists/gradle-2.8-all/ah86jmo43de9lfa8xg9ux3c4h/gradle-2.8/lib/jansi-1.2.1.jar
7fa6b5309000-7fa6b530c000 r--s 0000d000 08:01 19401228                   /home/ld/.gradle/wrapper/dists/gradle-2.8-all/ah86jmo43de9lfa8xg9ux3c4h/gradle-2.8/lib/native-platform-0.10.jar
7fa6b530c000-7fa6b5318000 r--s 00067000 08:01 19401208                   /home/ld/.gradle/wrapper/dists/gradle-2.8-all/ah86jmo43de9lfa8xg9ux3c4h/gradle-2.8/lib/gradle-model-core-2.8.jar
7fa6b5318000-7fa6b5319000 ---p 00000000 00:00 0 
7fa6b5319000-7fa6b5419000 rw-p 00000000 00:00 0                          [stack:6890]
7fa6b5419000-7fa6b541c000 ---p 00000000 00:00 0 
7fa6b541c000-7fa6b551a000 rw-p 00000000 00:00 0                          [stack:6889]
7fa6b551a000-7fa6b551d000 ---p 00000000 00:00 0 
7fa6b551d000-7fa6b561b000 rw-p 00000000 00:00 0                          [stack:6888]
7fa6b561b000-7fa6b561e000 ---p 00000000 00:00 0 
7fa6b561e000-7fa6b571c000 rw-p 00000000 00:00 0                          [stack:6887]
7fa6b571c000-7fa6b571f000 ---p 00000000 00:00 0 
7fa6b571f000-7fa6b581d000 rw-p 00000000 00:00 0                          [stack:6886]
7fa6b581d000-7fa6b5820000 ---p 00000000 00:00 0 
7fa6b5820000-7fa6b591e000 rw-p 00000000 00:00 0                          [stack:6885]
7fa6b591e000-7fa6b6000000 r--p 00000000 08:01 22420472                   /usr/lib/locale/locale-archive
7fa6b6000000-7fa6b8000000 rw-p 00000000 00:00 0 
7fa6b8000000-7fa6b8021000 rw-p 00000000 00:00 0 
7fa6b8021000-7fa6bc000000 ---p 00000000 00:00 0 
7fa6bc000000-7fa6bc001000 r--s 00002000 08:01 19401232                   /home/ld/.gradle/wrapper/dists/gradle-2.8-all/ah86jmo43de9lfa8xg9ux3c4h/gradle-2.8/lib/native-platform-osx-i386-0.10.jar
7fa6bc001000-7fa6bc005000 r--s 000e4000 08:01 19401227                   /home/ld/.gradle/wrapper/dists/gradle-2.8-all/ah86jmo43de9lfa8xg9ux3c4h/gradle-2.8/lib/jna-3.2.7.jar
7fa6bc005000-7fa6bc007000 r--s 00008000 08:01 19401203                   /home/ld/.gradle/wrapper/dists/gradle-2.8-all/ah86jmo43de9lfa8xg9ux3c4h/gradle-2.8/lib/gradle-native-2.8.jar
7fa6bc007000-7fa6bc009000 r--s 00005000 08:01 19401200                   /home/ld/.gradle/wrapper/dists/gradle-2.8-all/ah86jmo43de9lfa8xg9ux3c4h/gradle-2.8/lib/gradle-cli-2.8.jar
7fa6bc009000-7fa6bc00a000 r--s 00007000 08:01 19401209                   /home/ld/.gradle/wrapper/dists/gradle-2.8-all/ah86jmo43de9lfa8xg9ux3c4h/gradle-2.8/lib/gradle-model-groovy-2.8.jar
7fa6bc00a000-7fa6bc00b000 r--s 00006000 08:01 19401218                   /home/ld/.gradle/wrapper/dists/gradle-2.8-all/ah86jmo43de9lfa8xg9ux3c4h/gradle-2.8/lib/gradle-base-services-groovy-2.8.jar
7fa6bc00b000-7fa6bc00c000 r--s 00000000 08:01 19401221                   /home/ld/.gradle/wrapper/dists/gradle-2.8-all/ah86jmo43de9lfa8xg9ux3c4h/gradle-2.8/lib/gradle-docs-2.8.jar
7fa6bc00c000-7fa6bc00e000 r--s 00003000 08:01 19401223                   /home/ld/.gradle/wrapper/dists/gradle-2.8-all/ah86jmo43de9lfa8xg9ux3c4h/gradle-2.8/lib/jcl-over-slf4j-1.7.10.jar
7fa6bc00e000-7fa6bc00f000 r--s 00005000 08:01 19401222                   /home/ld/.gradle/wrapper/dists/gradle-2.8-all/ah86jmo43de9lfa8xg9ux3c4h/gradle-2.8/lib/log4j-over-slf4j-1.7.10.jar
7fa6bc00f000-7fa6bc010000 r--s 00000000 08:01 19401217                   /home/ld/.gradle/wrapper/dists/gradle-2.8-all/ah86jmo43de9lfa8xg9ux3c4h/gradle-2.8/lib/javax.inject-1.jar
7fa6bc010000-7fa6bc013000 r--s 0001b000 08:01 19401216                   /home/ld/.gradle/wrapper/dists/gradle-2.8-all/ah86jmo43de9lfa8xg9ux3c4h/gradle-2.8/lib/jarjar-1.3.jar
7fa6bc013000-7fa6bc015000 r--s 00000000 08:01 19401215                   /home/ld/.gradle/wrapper/dists/gradle-2.8-all/ah86jmo43de9lfa8xg9ux3c4h/gradle-2.8/lib/jul-to-slf4j-1.7.10.jar
7fa6bc015000-7fa6bc016000 r--s 00000000 08:01 19401214                   /home/ld/.gradle/wrapper/dists/gradle-2.8-all/ah86jmo43de9lfa8xg9ux3c4h/gradle-2.8/lib/jcip-annotations-1.0.jar
7fa6bc016000-7fa6bc024000 r--s 0007f000 08:01 19401212                   /home/ld/.gradle/wrapper/dists/gradle-2.8-all/ah86jmo43de9lfa8xg9ux3c4h/gradle-2.8/lib/commons-collections-3.2.1.jar
7fa6bc024000-7fa6bc093000 r--s 0063e000 08:01 19401207                   /home/ld/.gradle/wrapper/dists/gradle-2.8-all/ah86jmo43de9lfa8xg9ux3c4h/gradle-2.8/lib/groovy-all-2.4.4.jar
7fa6bc093000-7fa6bc0bb000 r--s 001cf000 08:01 19401205                   /home/ld/.gradle/wrapper/dists/gradle-2.8-all/ah86jmo43de9lfa8xg9ux3c4h/gradle-2.8/lib/guava-jdk5-17.0.jar
7fa6bc0bb000-7fa6bc0f1000 r--s 001b5000 08:01 19401199                   /home/ld/.gradle/wrapper/dists/gradle-2.8-all/ah86jmo43de9lfa8xg9ux3c4h/gradle-2.8/lib/gradle-core-2.8.jar
7fa6bc0f1000-7fa6bc0f4000 ---p 00000000 00:00 0 
7fa6bc0f4000-7fa6bc1f2000 rw-p 00000000 00:00 0                          [stack:6883]
7fa6bc1f2000-7fa6bc1f5000 ---p 00000000 00:00 0 
7fa6bc1f5000-7fa6bc2f3000 rw-p 00000000 00:00 0                          [stack:6882]
7fa6bc2f3000-7fa6bc2f4000 ---p 00000000 00:00 0 
7fa6bc2f4000-7fa6bd000000 rw-p 00000000 00:00 0                          [stack:6881]
7fa6bd000000-7fa6be440000 rwxp 00000000 00:00 0 
7fa6be440000-7fa6cc000000 ---p 00000000 00:00 0 
7fa6cc000000-7fa6ccacf000 rw-p 00000000 00:00 0 
7fa6ccacf000-7fa6d0000000 ---p 00000000 00:00 0 
7fa6d0000000-7fa6d0003000 r--s 00018000 08:01 19401213                   /home/ld/.gradle/wrapper/dists/gradle-2.8-all/ah86jmo43de9lfa8xg9ux3c4h/gradle-2.8/lib/commons-io-1.4.jar
7fa6d0003000-7fa6d0008000 r--s 00036000 08:01 19401210                   /home/ld/.gradle/wrapper/dists/gradle-2.8-all/ah86jmo43de9lfa8xg9ux3c4h/gradle-2.8/lib/asm-all-5.0.3.jar
7fa6d0008000-7fa6d000d000 r--s 00041000 08:01 19401206                   /home/ld/.gradle/wrapper/dists/gradle-2.8-all/ah86jmo43de9lfa8xg9ux3c4h/gradle-2.8/lib/commons-lang-2.6.jar
7fa6d000d000-7fa6d002c000 r--s 001cc000 08:01 19401211                   /home/ld/.gradle/wrapper/dists/gradle-2.8-all/ah86jmo43de9lfa8xg9ux3c4h/gradle-2.8/lib/ant-1.9.3.jar
7fa6d002c000-7fa6d0033000 r--s 00032000 08:01 19401198                   /home/ld/.gradle/wrapper/dists/gradle-2.8-all/ah86jmo43de9lfa8xg9ux3c4h/gradle-2.8/lib/gradle-base-services-2.8.jar
7fa6d0033000-7fa6d003d000 r--s 0004a000 08:01 19401196                   /home/ld/.gradle/wrapper/dists/gradle-2.8-all/ah86jmo43de9lfa8xg9ux3c4h/gradle-2.8/lib/gradle-launcher-2.8.jar
7fa6d003d000-7fa6d0057000 r--s 001d3000 08:01 23855469                   /usr/lib/jvm/java-8-openjdk-amd64/jre/lib/ext/nashorn.jar
7fa6d0057000-7fa6d0062000 r--s 00116000 08:01 23855471                   /usr/lib/jvm/java-8-openjdk-amd64/jre/lib/ext/localedata.jar
7fa6d0062000-7fa6d007e000 r--s 00393000 08:01 23855468                   /usr/lib/jvm/java-8-openjdk-amd64/jre/lib/ext/cldrdata.jar
7fa6d007e000-7fa6d0431000 rw-p 00000000 00:00 0 
7fa6d0431000-7fa6d05fe000 r--s 03bd3000 08:01 23855484                   /usr/lib/jvm/java-8-openjdk-amd64/jre/lib/rt.jar
7fa6d05fe000-7fa6d1074000 rw-p 00000000 00:00 0 
7fa6d1074000-7fa6d1075000 ---p 00000000 00:00 0 
7fa6d1075000-7fa6d1175000 rw-p 00000000 00:00 0                          [stack:6879]
7fa6d1175000-7fa6d1176000 ---p 00000000 00:00 0 
7fa6d1176000-7fa6d1276000 rw-p 00000000 00:00 0                          [stack:6878]
7fa6d1276000-7fa6d1277000 ---p 00000000 00:00 0 
7fa6d1277000-7fa6d1377000 rw-p 00000000 00:00 0                          [stack:6877]
7fa6d1377000-7fa6d1378000 ---p 00000000 00:00 0 
7fa6d1378000-7fa6d1495000 rw-p 00000000 00:00 0                          [stack:6876]
7fa6d1495000-7fa6d15ce000 ---p 00000000 00:00 0 
7fa6d15ce000-7fa6d15eb000 rw-p 00000000 00:00 0 
7fa6d15eb000-7fa6d1723000 ---p 00000000 00:00 0 
7fa6d1723000-7fa6d176c000 rw-p 00000000 00:00 0 
7fa6d176c000-7fa6d17ce000 ---p 00000000 00:00 0 
7fa6d17ce000-7fa6d1820000 rw-p 00000000 00:00 0 
7fa6d1820000-7fa6d1b8f000 ---p 00000000 00:00 0 
7fa6d1b8f000-7fa6d1b97000 r-xp 00000000 08:01 23855425                   /usr/lib/jvm/java-8-openjdk-amd64/jre/lib/amd64/libzip.so
7fa6d1b97000-7fa6d1d96000 ---p 00008000 08:01 23855425                   /usr/lib/jvm/java-8-openjdk-amd64/jre/lib/amd64/libzip.so
7fa6d1d96000-7fa6d1d97000 r--p 00007000 08:01 23855425                   /usr/lib/jvm/java-8-openjdk-amd64/jre/lib/amd64/libzip.so
7fa6d1d97000-7fa6d1d98000 rw-p 00008000 08:01 23855425                   /usr/lib/jvm/java-8-openjdk-amd64/jre/lib/amd64/libzip.so
7fa6d1d98000-7fa6d1da4000 r-xp 00000000 08:01 13373668                   /lib/x86_64-linux-gnu/libnss_files-2.21.so
7fa6d1da4000-7fa6d1fa3000 ---p 0000c000 08:01 13373668                   /lib/x86_64-linux-gnu/libnss_files-2.21.so
7fa6d1fa3000-7fa6d1fa4000 r--p 0000b000 08:01 13373668                   /lib/x86_64-linux-gnu/libnss_files-2.21.so
7fa6d1fa4000-7fa6d1fa5000 rw-p 0000c000 08:01 13373668                   /lib/x86_64-linux-gnu/libnss_files-2.21.so
7fa6d1fa5000-7fa6d1fb0000 r-xp 00000000 08:01 13373678                   /lib/x86_64-linux-gnu/libnss_nis-2.21.so
7fa6d1fb0000-7fa6d21af000 ---p 0000b000 08:01 13373678                   /lib/x86_64-linux-gnu/libnss_nis-2.21.so
7fa6d21af000-7fa6d21b0000 r--p 0000a000 08:01 13373678                   /lib/x86_64-linux-gnu/libnss_nis-2.21.so
7fa6d21b0000-7fa6d21b1000 rw-p 0000b000 08:01 13373678                   /lib/x86_64-linux-gnu/libnss_nis-2.21.so
7fa6d21b1000-7fa6d21c8000 r-xp 00000000 08:01 13373662                   /lib/x86_64-linux-gnu/libnsl-2.21.so
7fa6d21c8000-7fa6d23c7000 ---p 00017000 08:01 13373662                   /lib/x86_64-linux-gnu/libnsl-2.21.so
7fa6d23c7000-7fa6d23c8000 r--p 00016000 08:01 13373662                   /lib/x86_64-linux-gnu/libnsl-2.21.so
7fa6d23c8000-7fa6d23c9000 rw-p 00017000 08:01 13373662                   /lib/x86_64-linux-gnu/libnsl-2.21.so
7fa6d23c9000-7fa6d23cb000 rw-p 00000000 00:00 0 
7fa6d23cb000-7fa6d23d3000 r-xp 00000000 08:01 13373664                   /lib/x86_64-linux-gnu/libnss_compat-2.21.so
7fa6d23d3000-7fa6d25d2000 ---p 00008000 08:01 13373664                   /lib/x86_64-linux-gnu/libnss_compat-2.21.so
7fa6d25d2000-7fa6d25d3000 r--p 00007000 08:01 13373664                   /lib/x86_64-linux-gnu/libnss_compat-2.21.so
7fa6d25d3000-7fa6d25d4000 rw-p 00008000 08:01 13373664                   /lib/x86_64-linux-gnu/libnss_compat-2.21.so
7fa6d25d4000-7fa6d2602000 r-xp 00000000 08:01 23855422                   /usr/lib/jvm/java-8-openjdk-amd64/jre/lib/amd64/libjava.so
7fa6d2602000-7fa6d2801000 ---p 0002e000 08:01 23855422                   /usr/lib/jvm/java-8-openjdk-amd64/jre/lib/amd64/libjava.so
7fa6d2801000-7fa6d2802000 r--p 0002d000 08:01 23855422                   /usr/lib/jvm/java-8-openjdk-amd64/jre/lib/amd64/libjava.so
7fa6d2802000-7fa6d2804000 rw-p 0002e000 08:01 23855422                   /usr/lib/jvm/java-8-openjdk-amd64/jre/lib/amd64/libjava.so
7fa6d2804000-7fa6d2813000 r-xp 00000000 08:01 23855437                   /usr/lib/jvm/java-8-openjdk-amd64/jre/lib/amd64/libverify.so
7fa6d2813000-7fa6d2a13000 ---p 0000f000 08:01 23855437                   /usr/lib/jvm/java-8-openjdk-amd64/jre/lib/amd64/libverify.so
7fa6d2a13000-7fa6d2a16000 r--p 0000f000 08:01 23855437                   /usr/lib/jvm/java-8-openjdk-amd64/jre/lib/amd64/libverify.so
7fa6d2a16000-7fa6d2a17000 rw-p 00012000 08:01 23855437                   /usr/lib/jvm/java-8-openjdk-amd64/jre/lib/amd64/libverify.so
7fa6d2a17000-7fa6d2a1e000 r-xp 00000000 08:01 13373723                   /lib/x86_64-linux-gnu/librt-2.21.so
7fa6d2a1e000-7fa6d2c1d000 ---p 00007000 08:01 13373723                   /lib/x86_64-linux-gnu/librt-2.21.so
7fa6d2c1d000-7fa6d2c1e000 r--p 00006000 08:01 13373723                   /lib/x86_64-linux-gnu/librt-2.21.so
7fa6d2c1e000-7fa6d2c1f000 rw-p 00007000 08:01 13373723                   /lib/x86_64-linux-gnu/librt-2.21.so
7fa6d2c1f000-7fa6d2c35000 r-xp 00000000 08:01 13369446                   /lib/x86_64-linux-gnu/libgcc_s.so.1
7fa6d2c35000-7fa6d2e34000 ---p 00016000 08:01 13369446                   /lib/x86_64-linux-gnu/libgcc_s.so.1
7fa6d2e34000-7fa6d2e35000 rw-p 00015000 08:01 13369446                   /lib/x86_64-linux-gnu/libgcc_s.so.1
7fa6d2e35000-7fa6d2f3c000 r-xp 00000000 08:01 13373641                   /lib/x86_64-linux-gnu/libm-2.21.so
7fa6d2f3c000-7fa6d313b000 ---p 00107000 08:01 13373641                   /lib/x86_64-linux-gnu/libm-2.21.so
7fa6d313b000-7fa6d313c000 r--p 00106000 08:01 13373641                   /lib/x86_64-linux-gnu/libm-2.21.so
7fa6d313c000-7fa6d313d000 rw-p 00107000 08:01 13373641                   /lib/x86_64-linux-gnu/libm-2.21.so
7fa6d313d000-7fa6d322d000 r-xp 00000000 08:01 22422483                   /usr/lib/x86_64-linux-gnu/libstdc++.so.6.0.20
7fa6d322d000-7fa6d342d000 ---p 000f0000 08:01 22422483                   /usr/lib/x86_64-linux-gnu/libstdc++.so.6.0.20
7fa6d342d000-7fa6d3435000 r--p 000f0000 08:01 22422483                   /usr/lib/x86_64-linux-gnu/libstdc++.so.6.0.20
7fa6d3435000-7fa6d3437000 rw-p 000f8000 08:01 22422483                   /usr/lib/x86_64-linux-gnu/libstdc++.so.6.0.20
7fa6d3437000-7fa6d344c000 rw-p 00000000 00:00 0 
7fa6d344c000-7fa6d40d9000 r-xp 00000000 08:01 23855449                   /usr/lib/jvm/java-8-openjdk-amd64/jre/lib/amd64/server/libjvm.so
7fa6d40d9000-7fa6d42d9000 ---p 00c8d000 08:01 23855449                   /usr/lib/jvm/java-8-openjdk-amd64/jre/lib/amd64/server/libjvm.so
7fa6d42d9000-7fa6d437c000 r--p 00c8d000 08:01 23855449                   /usr/lib/jvm/java-8-openjdk-amd64/jre/lib/amd64/server/libjvm.so
7fa6d437c000-7fa6d43a5000 rw-p 00d30000 08:01 23855449                   /usr/lib/jvm/java-8-openjdk-amd64/jre/lib/amd64/server/libjvm.so
7fa6d43a5000-7fa6d43d4000 rw-p 00000000 00:00 0 
7fa6d43d4000-7fa6d43ec000 r-xp 00000000 08:01 13373715                   /lib/x86_64-linux-gnu/libpthread-2.21.so
7fa6d43ec000-7fa6d45ec000 ---p 00018000 08:01 13373715                   /lib/x86_64-linux-gnu/libpthread-2.21.so
7fa6d45ec000-7fa6d45ed000 r--p 00018000 08:01 13373715                   /lib/x86_64-linux-gnu/libpthread-2.21.so
7fa6d45ed000-7fa6d45ee000 rw-p 00019000 08:01 13373715                   /lib/x86_64-linux-gnu/libpthread-2.21.so
7fa6d45ee000-7fa6d45f2000 rw-p 00000000 00:00 0 
7fa6d45f2000-7fa6d45f5000 r-xp 00000000 08:01 13373599                   /lib/x86_64-linux-gnu/libdl-2.21.so
7fa6d45f5000-7fa6d47f4000 ---p 00003000 08:01 13373599                   /lib/x86_64-linux-gnu/libdl-2.21.so
7fa6d47f4000-7fa6d47f5000 r--p 00002000 08:01 13373599                   /lib/x86_64-linux-gnu/libdl-2.21.so
7fa6d47f5000-7fa6d47f6000 rw-p 00003000 08:01 13373599                   /lib/x86_64-linux-gnu/libdl-2.21.so
7fa6d47f6000-7fa6d480f000 r-xp 00000000 08:01 13373756                   /lib/x86_64-linux-gnu/libz.so.1.2.8
7fa6d480f000-7fa6d4a0f000 ---p 00019000 08:01 13373756                   /lib/x86_64-linux-gnu/libz.so.1.2.8
7fa6d4a0f000-7fa6d4a10000 r--p 00019000 08:01 13373756                   /lib/x86_64-linux-gnu/libz.so.1.2.8
7fa6d4a10000-7fa6d4a11000 rw-p 0001a000 08:01 13373756                   /lib/x86_64-linux-gnu/libz.so.1.2.8
7fa6d4a11000-7fa6d4bd1000 r-xp 00000000 08:01 13373582                   /lib/x86_64-linux-gnu/libc-2.21.so
7fa6d4bd1000-7fa6d4dd1000 ---p 001c0000 08:01 13373582                   /lib/x86_64-linux-gnu/libc-2.21.so
7fa6d4dd1000-7fa6d4dd5000 r--p 001c0000 08:01 13373582                   /lib/x86_64-linux-gnu/libc-2.21.so
7fa6d4dd5000-7fa6d4dd7000 rw-p 001c4000 08:01 13373582                   /lib/x86_64-linux-gnu/libc-2.21.so
7fa6d4dd7000-7fa6d4ddb000 rw-p 00000000 00:00 0 
7fa6d4ddb000-7fa6d4de9000 r-xp 00000000 08:01 23855456                   /usr/lib/jvm/java-8-openjdk-amd64/jre/lib/amd64/jli/libjli.so
7fa6d4de9000-7fa6d4fe8000 ---p 0000e000 08:01 23855456                   /usr/lib/jvm/java-8-openjdk-amd64/jre/lib/amd64/jli/libjli.so
7fa6d4fe8000-7fa6d4fe9000 r--p 0000d000 08:01 23855456                   /usr/lib/jvm/java-8-openjdk-amd64/jre/lib/amd64/jli/libjli.so
7fa6d4fe9000-7fa6d4fea000 rw-p 0000e000 08:01 23855456                   /usr/lib/jvm/java-8-openjdk-amd64/jre/lib/amd64/jli/libjli.so
7fa6d4fea000-7fa6d500e000 r-xp 00000000 08:01 13373554                   /lib/x86_64-linux-gnu/ld-2.21.so
7fa6d500e000-7fa6d500f000 r--s 00007000 08:01 19401204                   /home/ld/.gradle/wrapper/dists/gradle-2.8-all/ah86jmo43de9lfa8xg9ux3c4h/gradle-2.8/lib/slf4j-api-1.7.10.jar
7fa6d500f000-7fa6d5015000 r--s 0003a000 08:01 23855473                   /usr/lib/jvm/java-8-openjdk-amd64/jre/lib/ext/sunjce_provider.jar
7fa6d5015000-7fa6d50ee000 rw-p 00000000 00:00 0 
7fa6d50ee000-7fa6d50f1000 ---p 00000000 00:00 0 
7fa6d50f1000-7fa6d51f4000 rw-p 00000000 00:00 0                          [stack:6875]
7fa6d51f4000-7fa6d51f5000 r--s 00004000 08:01 19401230                   /home/ld/.gradle/wrapper/dists/gradle-2.8-all/ah86jmo43de9lfa8xg9ux3c4h/gradle-2.8/lib/ant-launcher-1.9.3.jar
7fa6d51f5000-7fa6d51f6000 r--s 00010000 08:01 23855472                   /usr/lib/jvm/java-8-openjdk-amd64/jre/lib/ext/zipfs.jar
7fa6d51f6000-7fa6d51f9000 r--s 00037000 08:01 23855476                   /usr/lib/jvm/java-8-openjdk-amd64/jre/lib/ext/sunpkcs11.jar
7fa6d51f9000-7fa6d51fc000 r--s 0000f000 08:01 23855475                   /usr/lib/jvm/java-8-openjdk-amd64/jre/lib/ext/icedtea-sound.jar
7fa6d51fc000-7fa6d51fe000 r--s 00001000 08:01 23855474                   /usr/lib/jvm/java-8-openjdk-amd64/jre/lib/ext/dnsns.jar
7fa6d51fe000-7fa6d51ff000 r--s 00008000 08:01 23855470                   /usr/lib/jvm/java-8-openjdk-amd64/jre/lib/ext/sunec.jar
7fa6d51ff000-7fa6d5201000 r--s 00006000 08:01 22937807                   /usr/share/java/java-atk-wrapper.jar
7fa6d5201000-7fa6d5209000 rw-s 00000000 08:01 20710241                   /tmp/hsperfdata_ld/6873
7fa6d5209000-7fa6d520a000 rw-p 00000000 00:00 0 
7fa6d520a000-7fa6d520b000 r--p 00000000 00:00 0 
7fa6d520b000-7fa6d520d000 rw-p 00000000 00:00 0 
7fa6d520d000-7fa6d520e000 r--p 00023000 08:01 13373554                   /lib/x86_64-linux-gnu/ld-2.21.so
7fa6d520e000-7fa6d520f000 rw-p 00024000 08:01 13373554                   /lib/x86_64-linux-gnu/ld-2.21.so
7fa6d520f000-7fa6d5210000 rw-p 00000000 00:00 0 
7ffeef1b4000-7ffeef1d5000 rw-p 00000000 00:00 0                          [stack]
7ffeef1e3000-7ffeef1e5000 r--p 00000000 00:00 0                          [vvar]
7ffeef1e5000-7ffeef1e7000 r-xp 00000000 00:00 0                          [vdso]
ffffffffff600000-ffffffffff601000 r-xp 00000000 00:00 0                  [vsyscall]

VM Arguments:
jvm_args: -XX:MaxPermSize=256m -XX:+HeapDumpOnOutOfMemoryError -Xmx1024m -Dfile.encoding=UTF-8 -Duser.country=US -Duser.language=en -Duser.variant 
java_command: org.gradle.launcher.daemon.bootstrap.GradleDaemon 2.8
java_class_path (initial): /home/ld/.gradle/wrapper/dists/gradle-2.8-all/ah86jmo43de9lfa8xg9ux3c4h/gradle-2.8/lib/gradle-launcher-2.8.jar
Launcher Type: SUN_STANDARD

Environment Variables:
PATH=/usr/local/sbin:/usr/local/bin:/usr/sbin:/usr/bin:/sbin:/bin:/usr/games:/usr/local/games
LD_LIBRARY_PATH=/opt/android-studio/bin:
SHELL=/bin/bash
DISPLAY=:0

Signal Handlers:
SIGSEGV: [libjvm.so+0xa90d80], sa_mask[0]=11111111011111111101111111111110, sa_flags=SA_RESTART|SA_SIGINFO
SIGBUS: [libjvm.so+0xa90d80], sa_mask[0]=11111111011111111101111111111110, sa_flags=SA_RESTART|SA_SIGINFO
SIGFPE: [libjvm.so+0x8dbc70], sa_mask[0]=11111111011111111101111111111110, sa_flags=SA_RESTART|SA_SIGINFO
SIGPIPE: [libjvm.so+0x8dbc70], sa_mask[0]=11111111011111111101111111111110, sa_flags=SA_RESTART|SA_SIGINFO
SIGXFSZ: [libjvm.so+0x8dbc70], sa_mask[0]=11111111011111111101111111111110, sa_flags=SA_RESTART|SA_SIGINFO
SIGILL: [libjvm.so+0x8dbc70], sa_mask[0]=11111111011111111101111111111110, sa_flags=SA_RESTART|SA_SIGINFO
SIGUSR1: SIG_DFL, sa_mask[0]=00000000000000000000000000000000, sa_flags=none
SIGUSR2: [libjvm.so+0x8dbb20], sa_mask[0]=00100000000000000000000000000000, sa_flags=SA_RESTART|SA_SIGINFO
SIGHUP: [libjvm.so+0x8dbd40], sa_mask[0]=11111111011111111101111111111110, sa_flags=SA_RESTART|SA_SIGINFO
SIGINT: [libjvm.so+0x8dbd40], sa_mask[0]=11111111011111111101111111111110, sa_flags=SA_RESTART|SA_SIGINFO
SIGTERM: [libjvm.so+0x8dbd40], sa_mask[0]=11111111011111111101111111111110, sa_flags=SA_RESTART|SA_SIGINFO
SIGQUIT: [libjvm.so+0x8dbd40], sa_mask[0]=11111111011111111101111111111110, sa_flags=SA_RESTART|SA_SIGINFO


---------------  S Y S T E M  ---------------

OS:DISTRIB_ID=Ubuntu
DISTRIB_RELEASE=15.04
DISTRIB_CODENAME=vivid
DISTRIB_DESCRIPTION="Ubuntu 15.04"

uname:Linux 3.19.0-56-generic #62-Ubuntu SMP Thu Mar 10 22:40:07 UTC 2016 x86_64
libc:glibc 2.21 NPTL 2.21 
rlimit: STACK 8192k, CORE 0k, NPROC 15339, NOFILE 65536, AS infinity
load average:2.87 1.35 0.61

/proc/meminfo:
MemTotal:        3949164 kB
MemFree:          398668 kB
MemAvailable:    1220484 kB
Buffers:          203760 kB
Cached:          1047420 kB
SwapCached:       127060 kB
Active:          2128924 kB
Inactive:        1180468 kB
Active(anon):    1633024 kB
Inactive(anon):   738676 kB
Active(file):     495900 kB
Inactive(file):   441792 kB
Unevictable:         360 kB
Mlocked:             360 kB
SwapTotal:       4093948 kB
SwapFree:        3684376 kB
Dirty:              4388 kB
Writeback:             0 kB
AnonPages:       2049688 kB
Mapped:           424284 kB
Shmem:            313448 kB
Slab:             142284 kB
SReclaimable:     106136 kB
SUnreclaim:        36148 kB
KernelStack:       10112 kB
PageTables:        39016 kB
NFS_Unstable:          0 kB
Bounce:                0 kB
WritebackTmp:          0 kB
CommitLimit:     6068528 kB
Committed_AS:    5750432 kB
VmallocTotal:   34359738367 kB
VmallocUsed:      370192 kB
VmallocChunk:   34359272772 kB
HardwareCorrupted:     0 kB
AnonHugePages:    940032 kB
CmaTotal:              0 kB
CmaFree:               0 kB
HugePages_Total:       0
HugePages_Free:        0
HugePages_Rsvd:        0
HugePages_Surp:        0
Hugepagesize:       2048 kB
DirectMap4k:      153988 kB
DirectMap2M:     3942400 kB
DirectMap1G:           0 kB


CPU:total 4 (2 cores per cpu, 2 threads per core) family 6 model 69 stepping 1, cmov, cx8, fxsr, mmx, sse, sse2, sse3, ssse3, sse4.1, sse4.2, popcnt, avx, avx2, aes, clmul, erms, lzcnt, ht, tsc, tscinvbit, bmi1, bmi2

/proc/cpuinfo:
processor	: 0
vendor_id	: GenuineIntel
cpu family	: 6
model		: 69
model name	: Intel(R) Core(TM) i3-4005U CPU @ 1.70GHz
stepping	: 1
microcode	: 0x17
cpu MHz		: 1700.000
cache size	: 3072 KB
physical id	: 0
siblings	: 4
core id		: 0
cpu cores	: 2
apicid		: 0
initial apicid	: 0
fpu		: yes
fpu_exception	: yes
cpuid level	: 13
wp		: yes
flags		: fpu vme de pse tsc msr pae mce cx8 apic sep mtrr pge mca cmov pat pse36 clflush dts acpi mmx fxsr sse sse2 ss ht tm pbe syscall nx pdpe1gb rdtscp lm constant_tsc arch_perfmon pebs bts rep_good nopl xtopology nonstop_tsc aperfmperf eagerfpu pni pclmulqdq dtes64 monitor ds_cpl vmx est tm2 ssse3 fma cx16 xtpr pdcm pcid sse4_1 sse4_2 movbe popcnt tsc_deadline_timer aes xsave avx f16c rdrand lahf_lm abm ida arat epb pln pts dtherm tpr_shadow vnmi flexpriority ept vpid fsgsbase tsc_adjust bmi1 avx2 smep bmi2 erms invpcid xsaveopt
bugs		:
bogomips	: 3391.98
clflush size	: 64
cache_alignment	: 64
address sizes	: 39 bits physical, 48 bits virtual
power management:

processor	: 1
vendor_id	: GenuineIntel
cpu family	: 6
model		: 69
model name	: Intel(R) Core(TM) i3-4005U CPU @ 1.70GHz
stepping	: 1
microcode	: 0x17
cpu MHz		: 1700.000
cache size	: 3072 KB
physical id	: 0
siblings	: 4
core id		: 1
cpu cores	: 2
apicid		: 2
initial apicid	: 2
fpu		: yes
fpu_exception	: yes
cpuid level	: 13
wp		: yes
flags		: fpu vme de pse tsc msr pae mce cx8 apic sep mtrr pge mca cmov pat pse36 clflush dts acpi mmx fxsr sse sse2 ss ht tm pbe syscall nx pdpe1gb rdtscp lm constant_tsc arch_perfmon pebs bts rep_good nopl xtopology nonstop_tsc aperfmperf eagerfpu pni pclmulqdq dtes64 monitor ds_cpl vmx est tm2 ssse3 fma cx16 xtpr pdcm pcid sse4_1 sse4_2 movbe popcnt tsc_deadline_timer aes xsave avx f16c rdrand lahf_lm abm ida arat epb pln pts dtherm tpr_shadow vnmi flexpriority ept vpid fsgsbase tsc_adjust bmi1 avx2 smep bmi2 erms invpcid xsaveopt
bugs		:
bogomips	: 3391.98
clflush size	: 64
cache_alignment	: 64
address sizes	: 39 bits physical, 48 bits virtual
power management:

processor	: 2
vendor_id	: GenuineIntel
cpu family	: 6
model		: 69
model name	: Intel(R) Core(TM) i3-4005U CPU @ 1.70GHz
stepping	: 1
microcode	: 0x17
cpu MHz		: 1700.398
cache size	: 3072 KB
physical id	: 0
siblings	: 4
core id		: 0
cpu cores	: 2
apicid		: 1
initial apicid	: 1
fpu		: yes
fpu_exception	: yes
cpuid level	: 13
wp		: yes
flags		: fpu vme de pse tsc msr pae mce cx8 apic sep mtrr pge mca cmov pat pse36 clflush dts acpi mmx fxsr sse sse2 ss ht tm pbe syscall nx pdpe1gb rdtscp lm constant_tsc arch_perfmon pebs bts rep_good nopl xtopology nonstop_tsc aperfmperf eagerfpu pni pclmulqdq dtes64 monitor ds_cpl vmx est tm2 ssse3 fma cx16 xtpr pdcm pcid sse4_1 sse4_2 movbe popcnt tsc_deadline_timer aes xsave avx f16c rdrand lahf_lm abm ida arat epb pln pts dtherm tpr_shadow vnmi flexpriority ept vpid fsgsbase tsc_adjust bmi1 avx2 smep bmi2 erms invpcid xsaveopt
bugs		:
bogomips	: 3391.98
clflush size	: 64
cache_alignment	: 64
address sizes	: 39 bits physical, 48 bits virtual
power management:

processor	: 3
vendor_id	: GenuineIntel
cpu family	: 6
model		: 69
model name	: Intel(R) Core(TM) i3-4005U CPU @ 1.70GHz
stepping	: 1
microcode	: 0x17
cpu MHz		: 1700.000
cache size	: 3072 KB
physical id	: 0
siblings	: 4
core id		: 1
cpu cores	: 2
apicid		: 3
initial apicid	: 3
fpu		: yes
fpu_exception	: yes
cpuid level	: 13
wp		: yes
flags		: fpu vme de pse tsc msr pae mce cx8 apic sep mtrr pge mca cmov pat pse36 clflush dts acpi mmx fxsr sse sse2 ss ht tm pbe syscall nx pdpe1gb rdtscp lm constant_tsc arch_perfmon pebs bts rep_good nopl xtopology nonstop_tsc aperfmperf eagerfpu pni pclmulqdq dtes64 monitor ds_cpl vmx est tm2 ssse3 fma cx16 xtpr pdcm pcid sse4_1 sse4_2 movbe popcnt tsc_deadline_timer aes xsave avx f16c rdrand lahf_lm abm ida arat epb pln pts dtherm tpr_shadow vnmi flexpriority ept vpid fsgsbase tsc_adjust bmi1 avx2 smep bmi2 erms invpcid xsaveopt
bugs		:
bogomips	: 3391.98
clflush size	: 64
cache_alignment	: 64
address sizes	: 39 bits physical, 48 bits virtual
power management:



Memory: 4k page, physical 3949164k(398668k free), swap 4093948k(3684376k free)

vm_info: OpenJDK 64-Bit Server VM (25.45-b02) for linux-amd64 JRE (1.8.0_45-internal-b14), built on Apr 20 2015 00:35:04 by "buildd" with gcc 4.9.2

time: Tue Apr 12 10:39:12 2016
elapsed time: 22 seconds (0d 0h 0m 22s)

